13:41:13 **** Incremental Build of configuration Nios II for project comm ****
make all 
Info: Building ../comm_bsp/
C:/intelFPGA_lite/16.1/nios2eds/bin/gnu/H-x86_64-mingw32/bin/make --no-print-directory -C ../comm_bsp/
[BSP build complete]
Info: Compiling main.c to obj/default/main.o
nios2-elf-gcc -xc -MP -MMD -c -I../comm_bsp//HAL/inc -I../comm_bsp/ -I../comm_bsp//drivers/inc  -pipe -D__hal__ -DALT_NO_INSTRUCTION_EMULATION -DALT_SINGLE_THREADED    -O0 -g -Wall   -mno-hw-div -mno-hw-mul -mno-hw-mulx -mgpopt=global  -o obj/default/main.o main.c
In file included from main.c:1:0:
main.c: In function 'main':
../comm_bsp/system.h:168:30: warning: initialization makes pointer from integer without a cast [-Wint-conversion]
 #define COMMUNICATION_0_BASE 0x9404
                              ^
main.c:5:15: note: in expansion of macro 'COMMUNICATION_0_BASE'
  int * comm = COMMUNICATION_0_BASE;
               ^
../comm_bsp/system.h:206:28: warning: initialization makes pointer from integer without a cast [-Wint-conversion]
 #define MASTERSLAVE_0_BASE 0x9400
                            ^
main.c:6:17: note: in expansion of macro 'MASTERSLAVE_0_BASE'
  int * master = MASTERSLAVE_0_BASE;
                 ^
main.c:6:8: warning: unused variable 'master' [-Wunused-variable]
  int * master = MASTERSLAVE_0_BASE;
        ^
Info: Linking comm.elf
nios2-elf-g++  -T'../comm_bsp//linker.x' -msys-crt0='../comm_bsp//obj/HAL/src/crt0.o' -msys-lib=hal_bsp -L../comm_bsp/   -Wl,-Map=comm.map   -O0 -g -Wall   -mno-hw-div -mno-hw-mul -mno-hw-mulx -mgpopt=global  -o comm.elf obj/default/main.o -lm -msys-lib=m
nios2-elf-insert comm.elf --thread_model hal --cpu_name nios2_qsys_0 --qsys true --simulation_enabled false --stderr_dev none --stdin_dev none --stdout_dev none --sopc_system_name battleship --quartus_project_dir "D:/Unief/IIW_Ma/HW_SW/Project/Definitief" --jdi D:/Unief/IIW_Ma/HW_SW/Project/Definitief/software/comm_bsp/../../Battleship.jdi --sopcinfo D:/Unief/IIW_Ma/HW_SW/Project/Definitief/software/comm_bsp/../../battleship.sopcinfo
Info: (comm.elf) 3692 Bytes program size (code + initialized data).
Info:            10 KBytes free for stack + heap.
Info: Creating comm.objdump
nios2-elf-objdump --disassemble --syms --all-header --source comm.elf >comm.objdump
[comm build complete]

13:41:15 Build Finished (took 1s.919ms)

