12:49:08 **** Clean-only build of configuration Nios II for project gameVisualizer_bsp ****
make clean 
[BSP clean complete]
12:49:10 **** Clean-only build of configuration Nios II for project gameVisualizer ****
make clean 
[gameVisualizer clean complete]
13:02:11 **** Build of configuration Nios II for project gameVisualizer_bsp ****
make all 
Compiling alt_alarm_start.c...
nios2-elf-gcc -xc -MP -MMD -c  -I./HAL/inc -I. -I./drivers/inc -pipe -D__hal__ -DALT_NO_INSTRUCTION_EMULATION -DALT_SINGLE_THREADED    -O0 -g -Wall  -mno-hw-div -mno-hw-mul -mno-hw-mulx -mgpopt=global   -o obj/HAL/src/alt_alarm_start.o HAL/src/alt_alarm_start.c
Compiling alt_busy_sleep.c...
nios2-elf-gcc -xc -MP -MMD -c  -I./HAL/inc -I. -I./drivers/inc -pipe -D__hal__ -DALT_NO_INSTRUCTION_EMULATION -DALT_SINGLE_THREADED    -O0 -g -Wall  -mno-hw-div -mno-hw-mul -mno-hw-mulx -mgpopt=global   -o obj/HAL/src/alt_busy_sleep.o HAL/src/alt_busy_sleep.c
Compiling alt_close.c...
nios2-elf-gcc -xc -MP -MMD -c  -I./HAL/inc -I. -I./drivers/inc -pipe -D__hal__ -DALT_NO_INSTRUCTION_EMULATION -DALT_SINGLE_THREADED    -O0 -g -Wall  -mno-hw-div -mno-hw-mul -mno-hw-mulx -mgpopt=global   -o obj/HAL/src/alt_close.o HAL/src/alt_close.c
Compiling alt_dcache_flush.c...
nios2-elf-gcc -xc -MP -MMD -c  -I./HAL/inc -I. -I./drivers/inc -pipe -D__hal__ -DALT_NO_INSTRUCTION_EMULATION -DALT_SINGLE_THREADED    -O0 -g -Wall  -mno-hw-div -mno-hw-mul -mno-hw-mulx -mgpopt=global   -o obj/HAL/src/alt_dcache_flush.o HAL/src/alt_dcache_flush.c
Compiling alt_dcache_flush_all.c...
nios2-elf-gcc -xc -MP -MMD -c  -I./HAL/inc -I. -I./drivers/inc -pipe -D__hal__ -DALT_NO_INSTRUCTION_EMULATION -DALT_SINGLE_THREADED    -O0 -g -Wall  -mno-hw-div -mno-hw-mul -mno-hw-mulx -mgpopt=global   -o obj/HAL/src/alt_dcache_flush_all.o HAL/src/alt_dcache_flush_all.c
Compiling alt_dcache_flush_no_writeback.c...
nios2-elf-gcc -xc -MP -MMD -c  -I./HAL/inc -I. -I./drivers/inc -pipe -D__hal__ -DALT_NO_INSTRUCTION_EMULATION -DALT_SINGLE_THREADED    -O0 -g -Wall  -mno-hw-div -mno-hw-mul -mno-hw-mulx -mgpopt=global   -o obj/HAL/src/alt_dcache_flush_no_writeback.o HAL/src/alt_dcache_flush_no_writeback.c
Compiling alt_dev.c...
nios2-elf-gcc -xc -MP -MMD -c  -I./HAL/inc -I. -I./drivers/inc -pipe -D__hal__ -DALT_NO_INSTRUCTION_EMULATION -DALT_SINGLE_THREADED    -O0 -g -Wall  -mno-hw-div -mno-hw-mul -mno-hw-mulx -mgpopt=global   -o obj/HAL/src/alt_dev.o HAL/src/alt_dev.c
Compiling alt_dev_llist_insert.c...
nios2-elf-gcc -xc -MP -MMD -c  -I./HAL/inc -I. -I./drivers/inc -pipe -D__hal__ -DALT_NO_INSTRUCTION_EMULATION -DALT_SINGLE_THREADED    -O0 -g -Wall  -mno-hw-div -mno-hw-mul -mno-hw-mulx -mgpopt=global   -o obj/HAL/src/alt_dev_llist_insert.o HAL/src/alt_dev_llist_insert.c
Compiling alt_dma_rxchan_open.c...
nios2-elf-gcc -xc -MP -MMD -c  -I./HAL/inc -I. -I./drivers/inc -pipe -D__hal__ -DALT_NO_INSTRUCTION_EMULATION -DALT_SINGLE_THREADED    -O0 -g -Wall  -mno-hw-div -mno-hw-mul -mno-hw-mulx -mgpopt=global   -o obj/HAL/src/alt_dma_rxchan_open.o HAL/src/alt_dma_rxchan_open.c
Compiling alt_dma_txchan_open.c...
nios2-elf-gcc -xc -MP -MMD -c  -I./HAL/inc -I. -I./drivers/inc -pipe -D__hal__ -DALT_NO_INSTRUCTION_EMULATION -DALT_SINGLE_THREADED    -O0 -g -Wall  -mno-hw-div -mno-hw-mul -mno-hw-mulx -mgpopt=global   -o obj/HAL/src/alt_dma_txchan_open.o HAL/src/alt_dma_txchan_open.c
Compiling alt_do_ctors.c...
nios2-elf-gcc -xc -MP -MMD -c  -I./HAL/inc -I. -I./drivers/inc -pipe -D__hal__ -DALT_NO_INSTRUCTION_EMULATION -DALT_SINGLE_THREADED    -O0 -g -Wall  -mno-hw-div -mno-hw-mul -mno-hw-mulx -mgpopt=global   -o obj/HAL/src/alt_do_ctors.o HAL/src/alt_do_ctors.c
Compiling alt_do_dtors.c...
nios2-elf-gcc -xc -MP -MMD -c  -I./HAL/inc -I. -I./drivers/inc -pipe -D__hal__ -DALT_NO_INSTRUCTION_EMULATION -DALT_SINGLE_THREADED    -O0 -g -Wall  -mno-hw-div -mno-hw-mul -mno-hw-mulx -mgpopt=global   -o obj/HAL/src/alt_do_dtors.o HAL/src/alt_do_dtors.c
Compiling alt_ecc_fatal_entry.S...
nios2-elf-gcc -MP -MMD -c   -O0 -g -Wall  -mno-hw-div -mno-hw-mul -mno-hw-mulx -mgpopt=global    -I./HAL/inc -I. -I./drivers/inc -pipe -D__hal__ -DALT_NO_INSTRUCTION_EMULATION -DALT_SINGLE_THREADED  -Wa,-gdwarf2  -o obj/HAL/src/alt_ecc_fatal_entry.o HAL/src/alt_ecc_fatal_entry.S
Compiling alt_ecc_fatal_exception.c...
nios2-elf-gcc -xc -MP -MMD -c  -I./HAL/inc -I. -I./drivers/inc -pipe -D__hal__ -DALT_NO_INSTRUCTION_EMULATION -DALT_SINGLE_THREADED    -O0 -g -Wall  -mno-hw-div -mno-hw-mul -mno-hw-mulx -mgpopt=global   -o obj/HAL/src/alt_ecc_fatal_exception.o HAL/src/alt_ecc_fatal_exception.c
Compiling alt_env_lock.c...
nios2-elf-gcc -xc -MP -MMD -c  -I./HAL/inc -I. -I./drivers/inc -pipe -D__hal__ -DALT_NO_INSTRUCTION_EMULATION -DALT_SINGLE_THREADED    -O0 -g -Wall  -mno-hw-div -mno-hw-mul -mno-hw-mulx -mgpopt=global   -o obj/HAL/src/alt_env_lock.o HAL/src/alt_env_lock.c
Compiling alt_environ.c...
nios2-elf-gcc -xc -MP -MMD -c  -I./HAL/inc -I. -I./drivers/inc -pipe -D__hal__ -DALT_NO_INSTRUCTION_EMULATION -DALT_SINGLE_THREADED    -O0 -g -Wall  -mno-hw-div -mno-hw-mul -mno-hw-mulx -mgpopt=global   -o obj/HAL/src/alt_environ.o HAL/src/alt_environ.c
Compiling alt_errno.c...
nios2-elf-gcc -xc -MP -MMD -c  -I./HAL/inc -I. -I./drivers/inc -pipe -D__hal__ -DALT_NO_INSTRUCTION_EMULATION -DALT_SINGLE_THREADED    -O0 -g -Wall  -mno-hw-div -mno-hw-mul -mno-hw-mulx -mgpopt=global   -o obj/HAL/src/alt_errno.o HAL/src/alt_errno.c
Compiling alt_exception_entry.S...
nios2-elf-gcc -MP -MMD -c   -O0 -g -Wall  -mno-hw-div -mno-hw-mul -mno-hw-mulx -mgpopt=global    -I./HAL/inc -I. -I./drivers/inc -pipe -D__hal__ -DALT_NO_INSTRUCTION_EMULATION -DALT_SINGLE_THREADED  -Wa,-gdwarf2  -o obj/HAL/src/alt_exception_entry.o HAL/src/alt_exception_entry.S
Compiling alt_exception_muldiv.S...
nios2-elf-gcc -MP -MMD -c   -O0 -g -Wall  -mno-hw-div -mno-hw-mul -mno-hw-mulx -mgpopt=global    -I./HAL/inc -I. -I./drivers/inc -pipe -D__hal__ -DALT_NO_INSTRUCTION_EMULATION -DALT_SINGLE_THREADED  -Wa,-gdwarf2  -o obj/HAL/src/alt_exception_muldiv.o HAL/src/alt_exception_muldiv.S
Compiling alt_exception_trap.S...
nios2-elf-gcc -MP -MMD -c   -O0 -g -Wall  -mno-hw-div -mno-hw-mul -mno-hw-mulx -mgpopt=global    -I./HAL/inc -I. -I./drivers/inc -pipe -D__hal__ -DALT_NO_INSTRUCTION_EMULATION -DALT_SINGLE_THREADED  -Wa,-gdwarf2  -o obj/HAL/src/alt_exception_trap.o HAL/src/alt_exception_trap.S
Compiling alt_execve.c...
nios2-elf-gcc -xc -MP -MMD -c  -I./HAL/inc -I. -I./drivers/inc -pipe -D__hal__ -DALT_NO_INSTRUCTION_EMULATION -DALT_SINGLE_THREADED    -O0 -g -Wall  -mno-hw-div -mno-hw-mul -mno-hw-mulx -mgpopt=global   -o obj/HAL/src/alt_execve.o HAL/src/alt_execve.c
Compiling alt_exit.c...
nios2-elf-gcc -xc -MP -MMD -c  -I./HAL/inc -I. -I./drivers/inc -pipe -D__hal__ -DALT_NO_INSTRUCTION_EMULATION -DALT_SINGLE_THREADED    -O0 -g -Wall  -mno-hw-div -mno-hw-mul -mno-hw-mulx -mgpopt=global   -o obj/HAL/src/alt_exit.o HAL/src/alt_exit.c
Compiling alt_fcntl.c...
nios2-elf-gcc -xc -MP -MMD -c  -I./HAL/inc -I. -I./drivers/inc -pipe -D__hal__ -DALT_NO_INSTRUCTION_EMULATION -DALT_SINGLE_THREADED    -O0 -g -Wall  -mno-hw-div -mno-hw-mul -mno-hw-mulx -mgpopt=global   -o obj/HAL/src/alt_fcntl.o HAL/src/alt_fcntl.c
Compiling alt_fd_lock.c...
nios2-elf-gcc -xc -MP -MMD -c  -I./HAL/inc -I. -I./drivers/inc -pipe -D__hal__ -DALT_NO_INSTRUCTION_EMULATION -DALT_SINGLE_THREADED    -O0 -g -Wall  -mno-hw-div -mno-hw-mul -mno-hw-mulx -mgpopt=global   -o obj/HAL/src/alt_fd_lock.o HAL/src/alt_fd_lock.c
Compiling alt_fd_unlock.c...
nios2-elf-gcc -xc -MP -MMD -c  -I./HAL/inc -I. -I./drivers/inc -pipe -D__hal__ -DALT_NO_INSTRUCTION_EMULATION -DALT_SINGLE_THREADED    -O0 -g -Wall  -mno-hw-div -mno-hw-mul -mno-hw-mulx -mgpopt=global   -o obj/HAL/src/alt_fd_unlock.o HAL/src/alt_fd_unlock.c
Compiling alt_find_dev.c...
nios2-elf-gcc -xc -MP -MMD -c  -I./HAL/inc -I. -I./drivers/inc -pipe -D__hal__ -DALT_NO_INSTRUCTION_EMULATION -DALT_SINGLE_THREADED    -O0 -g -Wall  -mno-hw-div -mno-hw-mul -mno-hw-mulx -mgpopt=global   -o obj/HAL/src/alt_find_dev.o HAL/src/alt_find_dev.c
Compiling alt_find_file.c...
nios2-elf-gcc -xc -MP -MMD -c  -I./HAL/inc -I. -I./drivers/inc -pipe -D__hal__ -DALT_NO_INSTRUCTION_EMULATION -DALT_SINGLE_THREADED    -O0 -g -Wall  -mno-hw-div -mno-hw-mul -mno-hw-mulx -mgpopt=global   -o obj/HAL/src/alt_find_file.o HAL/src/alt_find_file.c
Compiling alt_flash_dev.c...
nios2-elf-gcc -xc -MP -MMD -c  -I./HAL/inc -I. -I./drivers/inc -pipe -D__hal__ -DALT_NO_INSTRUCTION_EMULATION -DALT_SINGLE_THREADED    -O0 -g -Wall  -mno-hw-div -mno-hw-mul -mno-hw-mulx -mgpopt=global   -o obj/HAL/src/alt_flash_dev.o HAL/src/alt_flash_dev.c
Compiling alt_fork.c...
nios2-elf-gcc -xc -MP -MMD -c  -I./HAL/inc -I. -I./drivers/inc -pipe -D__hal__ -DALT_NO_INSTRUCTION_EMULATION -DALT_SINGLE_THREADED    -O0 -g -Wall  -mno-hw-div -mno-hw-mul -mno-hw-mulx -mgpopt=global   -o obj/HAL/src/alt_fork.o HAL/src/alt_fork.c
Compiling alt_fs_reg.c...
nios2-elf-gcc -xc -MP -MMD -c  -I./HAL/inc -I. -I./drivers/inc -pipe -D__hal__ -DALT_NO_INSTRUCTION_EMULATION -DALT_SINGLE_THREADED    -O0 -g -Wall  -mno-hw-div -mno-hw-mul -mno-hw-mulx -mgpopt=global   -o obj/HAL/src/alt_fs_reg.o HAL/src/alt_fs_reg.c
Compiling alt_fstat.c...
nios2-elf-gcc -xc -MP -MMD -c  -I./HAL/inc -I. -I./drivers/inc -pipe -D__hal__ -DALT_NO_INSTRUCTION_EMULATION -DALT_SINGLE_THREADED    -O0 -g -Wall  -mno-hw-div -mno-hw-mul -mno-hw-mulx -mgpopt=global   -o obj/HAL/src/alt_fstat.o HAL/src/alt_fstat.c
Compiling alt_get_fd.c...
nios2-elf-gcc -xc -MP -MMD -c  -I./HAL/inc -I. -I./drivers/inc -pipe -D__hal__ -DALT_NO_INSTRUCTION_EMULATION -DALT_SINGLE_THREADED    -O0 -g -Wall  -mno-hw-div -mno-hw-mul -mno-hw-mulx -mgpopt=global   -o obj/HAL/src/alt_get_fd.o HAL/src/alt_get_fd.c
Compiling alt_getchar.c...
nios2-elf-gcc -xc -MP -MMD -c  -I./HAL/inc -I. -I./drivers/inc -pipe -D__hal__ -DALT_NO_INSTRUCTION_EMULATION -DALT_SINGLE_THREADED    -O0 -g -Wall  -mno-hw-div -mno-hw-mul -mno-hw-mulx -mgpopt=global   -o obj/HAL/src/alt_getchar.o HAL/src/alt_getchar.c
Compiling alt_getpid.c...
nios2-elf-gcc -xc -MP -MMD -c  -I./HAL/inc -I. -I./drivers/inc -pipe -D__hal__ -DALT_NO_INSTRUCTION_EMULATION -DALT_SINGLE_THREADED    -O0 -g -Wall  -mno-hw-div -mno-hw-mul -mno-hw-mulx -mgpopt=global   -o obj/HAL/src/alt_getpid.o HAL/src/alt_getpid.c
Compiling alt_gettod.c...
nios2-elf-gcc -xc -MP -MMD -c  -I./HAL/inc -I. -I./drivers/inc -pipe -D__hal__ -DALT_NO_INSTRUCTION_EMULATION -DALT_SINGLE_THREADED    -O0 -g -Wall  -mno-hw-div -mno-hw-mul -mno-hw-mulx -mgpopt=global   -o obj/HAL/src/alt_gettod.o HAL/src/alt_gettod.c
Compiling alt_gmon.c...
nios2-elf-gcc -xc -MP -MMD -c  -I./HAL/inc -I. -I./drivers/inc -pipe -D__hal__ -DALT_NO_INSTRUCTION_EMULATION -DALT_SINGLE_THREADED    -O0 -g -Wall  -mno-hw-div -mno-hw-mul -mno-hw-mulx -mgpopt=global   -o obj/HAL/src/alt_gmon.o HAL/src/alt_gmon.c
Compiling alt_icache_flush.c...
nios2-elf-gcc -xc -MP -MMD -c  -I./HAL/inc -I. -I./drivers/inc -pipe -D__hal__ -DALT_NO_INSTRUCTION_EMULATION -DALT_SINGLE_THREADED    -O0 -g -Wall  -mno-hw-div -mno-hw-mul -mno-hw-mulx -mgpopt=global   -o obj/HAL/src/alt_icache_flush.o HAL/src/alt_icache_flush.c
Compiling alt_icache_flush_all.c...
nios2-elf-gcc -xc -MP -MMD -c  -I./HAL/inc -I. -I./drivers/inc -pipe -D__hal__ -DALT_NO_INSTRUCTION_EMULATION -DALT_SINGLE_THREADED    -O0 -g -Wall  -mno-hw-div -mno-hw-mul -mno-hw-mulx -mgpopt=global   -o obj/HAL/src/alt_icache_flush_all.o HAL/src/alt_icache_flush_all.c
Compiling alt_iic.c...
nios2-elf-gcc -xc -MP -MMD -c  -I./HAL/inc -I. -I./drivers/inc -pipe -D__hal__ -DALT_NO_INSTRUCTION_EMULATION -DALT_SINGLE_THREADED    -O0 -g -Wall  -mno-hw-div -mno-hw-mul -mno-hw-mulx -mgpopt=global   -o obj/HAL/src/alt_iic.o HAL/src/alt_iic.c
Compiling alt_iic_isr_register.c...
nios2-elf-gcc -xc -MP -MMD -c  -I./HAL/inc -I. -I./drivers/inc -pipe -D__hal__ -DALT_NO_INSTRUCTION_EMULATION -DALT_SINGLE_THREADED    -O0 -g -Wall  -mno-hw-div -mno-hw-mul -mno-hw-mulx -mgpopt=global   -o obj/HAL/src/alt_iic_isr_register.o HAL/src/alt_iic_isr_register.c
Compiling alt_instruction_exception_entry.c...
nios2-elf-gcc -xc -MP -MMD -c  -I./HAL/inc -I. -I./drivers/inc -pipe -D__hal__ -DALT_NO_INSTRUCTION_EMULATION -DALT_SINGLE_THREADED    -O0 -g -Wall  -mno-hw-div -mno-hw-mul -mno-hw-mulx -mgpopt=global   -o obj/HAL/src/alt_instruction_exception_entry.o HAL/src/alt_instruction_exception_entry.c
Compiling alt_instruction_exception_register.c...
nios2-elf-gcc -xc -MP -MMD -c  -I./HAL/inc -I. -I./drivers/inc -pipe -D__hal__ -DALT_NO_INSTRUCTION_EMULATION -DALT_SINGLE_THREADED    -O0 -g -Wall  -mno-hw-div -mno-hw-mul -mno-hw-mulx -mgpopt=global   -o obj/HAL/src/alt_instruction_exception_register.o HAL/src/alt_instruction_exception_register.c
Compiling alt_io_redirect.c...
nios2-elf-gcc -xc -MP -MMD -c  -I./HAL/inc -I. -I./drivers/inc -pipe -D__hal__ -DALT_NO_INSTRUCTION_EMULATION -DALT_SINGLE_THREADED    -O0 -g -Wall  -mno-hw-div -mno-hw-mul -mno-hw-mulx -mgpopt=global   -o obj/HAL/src/alt_io_redirect.o HAL/src/alt_io_redirect.c
Compiling alt_ioctl.c...
nios2-elf-gcc -xc -MP -MMD -c  -I./HAL/inc -I. -I./drivers/inc -pipe -D__hal__ -DALT_NO_INSTRUCTION_EMULATION -DALT_SINGLE_THREADED    -O0 -g -Wall  -mno-hw-div -mno-hw-mul -mno-hw-mulx -mgpopt=global   -o obj/HAL/src/alt_ioctl.o HAL/src/alt_ioctl.c
Compiling alt_irq_entry.S...
nios2-elf-gcc -MP -MMD -c   -O0 -g -Wall  -mno-hw-div -mno-hw-mul -mno-hw-mulx -mgpopt=global    -I./HAL/inc -I. -I./drivers/inc -pipe -D__hal__ -DALT_NO_INSTRUCTION_EMULATION -DALT_SINGLE_THREADED  -Wa,-gdwarf2  -o obj/HAL/src/alt_irq_entry.o HAL/src/alt_irq_entry.S
Compiling alt_irq_handler.c...
nios2-elf-gcc -xc -MP -MMD -c  -I./HAL/inc -I. -I./drivers/inc -pipe -D__hal__ -DALT_NO_INSTRUCTION_EMULATION -DALT_SINGLE_THREADED    -O0 -g -Wall  -mno-hw-div -mno-hw-mul -mno-hw-mulx -mgpopt=global   -o obj/HAL/src/alt_irq_handler.o HAL/src/alt_irq_handler.c
Compiling alt_irq_register.c...
nios2-elf-gcc -xc -MP -MMD -c  -I./HAL/inc -I. -I./drivers/inc -pipe -D__hal__ -DALT_NO_INSTRUCTION_EMULATION -DALT_SINGLE_THREADED    -O0 -g -Wall  -mno-hw-div -mno-hw-mul -mno-hw-mulx -mgpopt=global   -o obj/HAL/src/alt_irq_register.o HAL/src/alt_irq_register.c
Compiling alt_irq_vars.c...
nios2-elf-gcc -xc -MP -MMD -c  -I./HAL/inc -I. -I./drivers/inc -pipe -D__hal__ -DALT_NO_INSTRUCTION_EMULATION -DALT_SINGLE_THREADED    -O0 -g -Wall  -mno-hw-div -mno-hw-mul -mno-hw-mulx -mgpopt=global   -o obj/HAL/src/alt_irq_vars.o HAL/src/alt_irq_vars.c
Compiling alt_isatty.c...
nios2-elf-gcc -xc -MP -MMD -c  -I./HAL/inc -I. -I./drivers/inc -pipe -D__hal__ -DALT_NO_INSTRUCTION_EMULATION -DALT_SINGLE_THREADED    -O0 -g -Wall  -mno-hw-div -mno-hw-mul -mno-hw-mulx -mgpopt=global   -o obj/HAL/src/alt_isatty.o HAL/src/alt_isatty.c
Compiling alt_kill.c...
nios2-elf-gcc -xc -MP -MMD -c  -I./HAL/inc -I. -I./drivers/inc -pipe -D__hal__ -DALT_NO_INSTRUCTION_EMULATION -DALT_SINGLE_THREADED    -O0 -g -Wall  -mno-hw-div -mno-hw-mul -mno-hw-mulx -mgpopt=global   -o obj/HAL/src/alt_kill.o HAL/src/alt_kill.c
Compiling alt_link.c...
nios2-elf-gcc -xc -MP -MMD -c  -I./HAL/inc -I. -I./drivers/inc -pipe -D__hal__ -DALT_NO_INSTRUCTION_EMULATION -DALT_SINGLE_THREADED    -O0 -g -Wall  -mno-hw-div -mno-hw-mul -mno-hw-mulx -mgpopt=global   -o obj/HAL/src/alt_link.o HAL/src/alt_link.c
Compiling alt_load.c...
nios2-elf-gcc -xc -MP -MMD -c  -I./HAL/inc -I. -I./drivers/inc -pipe -D__hal__ -DALT_NO_INSTRUCTION_EMULATION -DALT_SINGLE_THREADED    -O0 -g -Wall  -mno-hw-div -mno-hw-mul -mno-hw-mulx -mgpopt=global   -o obj/HAL/src/alt_load.o HAL/src/alt_load.c
Compiling alt_log_macro.S...
nios2-elf-gcc -MP -MMD -c   -O0 -g -Wall  -mno-hw-div -mno-hw-mul -mno-hw-mulx -mgpopt=global    -I./HAL/inc -I. -I./drivers/inc -pipe -D__hal__ -DALT_NO_INSTRUCTION_EMULATION -DALT_SINGLE_THREADED  -Wa,-gdwarf2  -o obj/HAL/src/alt_log_macro.o HAL/src/alt_log_macro.S
Compiling alt_log_printf.c...
nios2-elf-gcc -xc -MP -MMD -c  -I./HAL/inc -I. -I./drivers/inc -pipe -D__hal__ -DALT_NO_INSTRUCTION_EMULATION -DALT_SINGLE_THREADED    -O0 -g -Wall  -mno-hw-div -mno-hw-mul -mno-hw-mulx -mgpopt=global   -o obj/HAL/src/alt_log_printf.o HAL/src/alt_log_printf.c
Compiling alt_lseek.c...
nios2-elf-gcc -xc -MP -MMD -c  -I./HAL/inc -I. -I./drivers/inc -pipe -D__hal__ -DALT_NO_INSTRUCTION_EMULATION -DALT_SINGLE_THREADED    -O0 -g -Wall  -mno-hw-div -mno-hw-mul -mno-hw-mulx -mgpopt=global   -o obj/HAL/src/alt_lseek.o HAL/src/alt_lseek.c
Compiling alt_main.c...
nios2-elf-gcc -xc -MP -MMD -c  -I./HAL/inc -I. -I./drivers/inc -pipe -D__hal__ -DALT_NO_INSTRUCTION_EMULATION -DALT_SINGLE_THREADED    -O0 -g -Wall  -mno-hw-div -mno-hw-mul -mno-hw-mulx -mgpopt=global   -o obj/HAL/src/alt_main.o HAL/src/alt_main.c
Compiling alt_malloc_lock.c...
nios2-elf-gcc -xc -MP -MMD -c  -I./HAL/inc -I. -I./drivers/inc -pipe -D__hal__ -DALT_NO_INSTRUCTION_EMULATION -DALT_SINGLE_THREADED    -O0 -g -Wall  -mno-hw-div -mno-hw-mul -mno-hw-mulx -mgpopt=global   -o obj/HAL/src/alt_malloc_lock.o HAL/src/alt_malloc_lock.c
Compiling alt_mcount.S...
nios2-elf-gcc -MP -MMD -c   -O0 -g -Wall  -mno-hw-div -mno-hw-mul -mno-hw-mulx -mgpopt=global    -I./HAL/inc -I. -I./drivers/inc -pipe -D__hal__ -DALT_NO_INSTRUCTION_EMULATION -DALT_SINGLE_THREADED  -Wa,-gdwarf2  -o obj/HAL/src/alt_mcount.o HAL/src/alt_mcount.S
Compiling alt_open.c...
nios2-elf-gcc -xc -MP -MMD -c  -I./HAL/inc -I. -I./drivers/inc -pipe -D__hal__ -DALT_NO_INSTRUCTION_EMULATION -DALT_SINGLE_THREADED    -O0 -g -Wall  -mno-hw-div -mno-hw-mul -mno-hw-mulx -mgpopt=global   -o obj/HAL/src/alt_open.o HAL/src/alt_open.c
Compiling alt_printf.c...
nios2-elf-gcc -xc -MP -MMD -c  -I./HAL/inc -I. -I./drivers/inc -pipe -D__hal__ -DALT_NO_INSTRUCTION_EMULATION -DALT_SINGLE_THREADED    -O0 -g -Wall  -mno-hw-div -mno-hw-mul -mno-hw-mulx -mgpopt=global   -o obj/HAL/src/alt_printf.o HAL/src/alt_printf.c
Compiling alt_putchar.c...
nios2-elf-gcc -xc -MP -MMD -c  -I./HAL/inc -I. -I./drivers/inc -pipe -D__hal__ -DALT_NO_INSTRUCTION_EMULATION -DALT_SINGLE_THREADED    -O0 -g -Wall  -mno-hw-div -mno-hw-mul -mno-hw-mulx -mgpopt=global   -o obj/HAL/src/alt_putchar.o HAL/src/alt_putchar.c
Compiling alt_putcharbuf.c...
nios2-elf-gcc -xc -MP -MMD -c  -I./HAL/inc -I. -I./drivers/inc -pipe -D__hal__ -DALT_NO_INSTRUCTION_EMULATION -DALT_SINGLE_THREADED    -O0 -g -Wall  -mno-hw-div -mno-hw-mul -mno-hw-mulx -mgpopt=global   -o obj/HAL/src/alt_putcharbuf.o HAL/src/alt_putcharbuf.c
Compiling alt_putstr.c...
nios2-elf-gcc -xc -MP -MMD -c  -I./HAL/inc -I. -I./drivers/inc -pipe -D__hal__ -DALT_NO_INSTRUCTION_EMULATION -DALT_SINGLE_THREADED    -O0 -g -Wall  -mno-hw-div -mno-hw-mul -mno-hw-mulx -mgpopt=global   -o obj/HAL/src/alt_putstr.o HAL/src/alt_putstr.c
Compiling alt_read.c...
nios2-elf-gcc -xc -MP -MMD -c  -I./HAL/inc -I. -I./drivers/inc -pipe -D__hal__ -DALT_NO_INSTRUCTION_EMULATION -DALT_SINGLE_THREADED    -O0 -g -Wall  -mno-hw-div -mno-hw-mul -mno-hw-mulx -mgpopt=global   -o obj/HAL/src/alt_read.o HAL/src/alt_read.c
Compiling alt_release_fd.c...
nios2-elf-gcc -xc -MP -MMD -c  -I./HAL/inc -I. -I./drivers/inc -pipe -D__hal__ -DALT_NO_INSTRUCTION_EMULATION -DALT_SINGLE_THREADED    -O0 -g -Wall  -mno-hw-div -mno-hw-mul -mno-hw-mulx -mgpopt=global   -o obj/HAL/src/alt_release_fd.o HAL/src/alt_release_fd.c
Compiling alt_remap_cached.c...
nios2-elf-gcc -xc -MP -MMD -c  -I./HAL/inc -I. -I./drivers/inc -pipe -D__hal__ -DALT_NO_INSTRUCTION_EMULATION -DALT_SINGLE_THREADED    -O0 -g -Wall  -mno-hw-div -mno-hw-mul -mno-hw-mulx -mgpopt=global   -o obj/HAL/src/alt_remap_cached.o HAL/src/alt_remap_cached.c
Compiling alt_remap_uncached.c...
nios2-elf-gcc -xc -MP -MMD -c  -I./HAL/inc -I. -I./drivers/inc -pipe -D__hal__ -DALT_NO_INSTRUCTION_EMULATION -DALT_SINGLE_THREADED    -O0 -g -Wall  -mno-hw-div -mno-hw-mul -mno-hw-mulx -mgpopt=global   -o obj/HAL/src/alt_remap_uncached.o HAL/src/alt_remap_uncached.c
Compiling alt_rename.c...
nios2-elf-gcc -xc -MP -MMD -c  -I./HAL/inc -I. -I./drivers/inc -pipe -D__hal__ -DALT_NO_INSTRUCTION_EMULATION -DALT_SINGLE_THREADED    -O0 -g -Wall  -mno-hw-div -mno-hw-mul -mno-hw-mulx -mgpopt=global   -o obj/HAL/src/alt_rename.o HAL/src/alt_rename.c
Compiling alt_sbrk.c...
nios2-elf-gcc -xc -MP -MMD -c  -I./HAL/inc -I. -I./drivers/inc -pipe -D__hal__ -DALT_NO_INSTRUCTION_EMULATION -DALT_SINGLE_THREADED    -O0 -g -Wall  -mno-hw-div -mno-hw-mul -mno-hw-mulx -mgpopt=global   -o obj/HAL/src/alt_sbrk.o HAL/src/alt_sbrk.c
Compiling alt_settod.c...
nios2-elf-gcc -xc -MP -MMD -c  -I./HAL/inc -I. -I./drivers/inc -pipe -D__hal__ -DALT_NO_INSTRUCTION_EMULATION -DALT_SINGLE_THREADED    -O0 -g -Wall  -mno-hw-div -mno-hw-mul -mno-hw-mulx -mgpopt=global   -o obj/HAL/src/alt_settod.o HAL/src/alt_settod.c
Compiling alt_software_exception.S...
nios2-elf-gcc -MP -MMD -c   -O0 -g -Wall  -mno-hw-div -mno-hw-mul -mno-hw-mulx -mgpopt=global    -I./HAL/inc -I. -I./drivers/inc -pipe -D__hal__ -DALT_NO_INSTRUCTION_EMULATION -DALT_SINGLE_THREADED  -Wa,-gdwarf2  -o obj/HAL/src/alt_software_exception.o HAL/src/alt_software_exception.S
Compiling alt_stat.c...
nios2-elf-gcc -xc -MP -MMD -c  -I./HAL/inc -I. -I./drivers/inc -pipe -D__hal__ -DALT_NO_INSTRUCTION_EMULATION -DALT_SINGLE_THREADED    -O0 -g -Wall  -mno-hw-div -mno-hw-mul -mno-hw-mulx -mgpopt=global   -o obj/HAL/src/alt_stat.o HAL/src/alt_stat.c
Compiling alt_tick.c...
nios2-elf-gcc -xc -MP -MMD -c  -I./HAL/inc -I. -I./drivers/inc -pipe -D__hal__ -DALT_NO_INSTRUCTION_EMULATION -DALT_SINGLE_THREADED    -O0 -g -Wall  -mno-hw-div -mno-hw-mul -mno-hw-mulx -mgpopt=global   -o obj/HAL/src/alt_tick.o HAL/src/alt_tick.c
Compiling alt_times.c...
nios2-elf-gcc -xc -MP -MMD -c  -I./HAL/inc -I. -I./drivers/inc -pipe -D__hal__ -DALT_NO_INSTRUCTION_EMULATION -DALT_SINGLE_THREADED    -O0 -g -Wall  -mno-hw-div -mno-hw-mul -mno-hw-mulx -mgpopt=global   -o obj/HAL/src/alt_times.o HAL/src/alt_times.c
Compiling alt_uncached_free.c...
nios2-elf-gcc -xc -MP -MMD -c  -I./HAL/inc -I. -I./drivers/inc -pipe -D__hal__ -DALT_NO_INSTRUCTION_EMULATION -DALT_SINGLE_THREADED    -O0 -g -Wall  -mno-hw-div -mno-hw-mul -mno-hw-mulx -mgpopt=global   -o obj/HAL/src/alt_uncached_free.o HAL/src/alt_uncached_free.c
Compiling alt_uncached_malloc.c...
nios2-elf-gcc -xc -MP -MMD -c  -I./HAL/inc -I. -I./drivers/inc -pipe -D__hal__ -DALT_NO_INSTRUCTION_EMULATION -DALT_SINGLE_THREADED    -O0 -g -Wall  -mno-hw-div -mno-hw-mul -mno-hw-mulx -mgpopt=global   -o obj/HAL/src/alt_uncached_malloc.o HAL/src/alt_uncached_malloc.c
Compiling alt_unlink.c...
nios2-elf-gcc -xc -MP -MMD -c  -I./HAL/inc -I. -I./drivers/inc -pipe -D__hal__ -DALT_NO_INSTRUCTION_EMULATION -DALT_SINGLE_THREADED    -O0 -g -Wall  -mno-hw-div -mno-hw-mul -mno-hw-mulx -mgpopt=global   -o obj/HAL/src/alt_unlink.o HAL/src/alt_unlink.c
Compiling alt_usleep.c...
nios2-elf-gcc -xc -MP -MMD -c  -I./HAL/inc -I. -I./drivers/inc -pipe -D__hal__ -DALT_NO_INSTRUCTION_EMULATION -DALT_SINGLE_THREADED    -O0 -g -Wall  -mno-hw-div -mno-hw-mul -mno-hw-mulx -mgpopt=global   -o obj/HAL/src/alt_usleep.o HAL/src/alt_usleep.c
Compiling alt_wait.c...
nios2-elf-gcc -xc -MP -MMD -c  -I./HAL/inc -I. -I./drivers/inc -pipe -D__hal__ -DALT_NO_INSTRUCTION_EMULATION -DALT_SINGLE_THREADED    -O0 -g -Wall  -mno-hw-div -mno-hw-mul -mno-hw-mulx -mgpopt=global   -o obj/HAL/src/alt_wait.o HAL/src/alt_wait.c
Compiling alt_write.c...
nios2-elf-gcc -xc -MP -MMD -c  -I./HAL/inc -I. -I./drivers/inc -pipe -D__hal__ -DALT_NO_INSTRUCTION_EMULATION -DALT_SINGLE_THREADED    -O0 -g -Wall  -mno-hw-div -mno-hw-mul -mno-hw-mulx -mgpopt=global   -o obj/HAL/src/alt_write.o HAL/src/alt_write.c
Compiling altera_nios2_qsys_irq.c...
nios2-elf-gcc -xc -MP -MMD -c  -I./HAL/inc -I. -I./drivers/inc -pipe -D__hal__ -DALT_NO_INSTRUCTION_EMULATION -DALT_SINGLE_THREADED    -O0 -g -Wall  -mno-hw-div -mno-hw-mul -mno-hw-mulx -mgpopt=global   -o obj/HAL/src/altera_nios2_qsys_irq.o HAL/src/altera_nios2_qsys_irq.c
Compiling crt0.S...
nios2-elf-gcc -MP -MMD -c   -O0 -g -Wall  -mno-hw-div -mno-hw-mul -mno-hw-mulx -mgpopt=global    -I./HAL/inc -I. -I./drivers/inc -pipe -D__hal__ -DALT_NO_INSTRUCTION_EMULATION -DALT_SINGLE_THREADED  -Wa,-gdwarf2  -o obj/HAL/src/crt0.o HAL/src/crt0.S
Compiling alt_sys_init.c...
nios2-elf-gcc -xc -MP -MMD -c  -I./HAL/inc -I. -I./drivers/inc -pipe -D__hal__ -DALT_NO_INSTRUCTION_EMULATION -DALT_SINGLE_THREADED    -O0 -g -Wall  -mno-hw-div -mno-hw-mul -mno-hw-mulx -mgpopt=global   -o obj/alt_sys_init.o alt_sys_init.c
Creating libhal_bsp.a...
rm -f -f libhal_bsp.a
nios2-elf-ar -src libhal_bsp.a obj/HAL/src/alt_alarm_start.o obj/HAL/src/alt_busy_sleep.o obj/HAL/src/alt_close.o obj/HAL/src/alt_dcache_flush.o obj/HAL/src/alt_dcache_flush_all.o obj/HAL/src/alt_dcache_flush_no_writeback.o obj/HAL/src/alt_dev.o obj/HAL/src/alt_dev_llist_insert.o obj/HAL/src/alt_dma_rxchan_open.o obj/HAL/src/alt_dma_txchan_open.o obj/HAL/src/alt_do_ctors.o obj/HAL/src/alt_do_dtors.o obj/HAL/src/alt_ecc_fatal_entry.o obj/HAL/src/alt_ecc_fatal_exception.o obj/HAL/src/alt_env_lock.o obj/HAL/src/alt_environ.o obj/HAL/src/alt_errno.o obj/HAL/src/alt_exception_entry.o obj/HAL/src/alt_exception_muldiv.o obj/HAL/src/alt_exception_trap.o obj/HAL/src/alt_execve.o obj/HAL/src/alt_exit.o obj/HAL/src/alt_fcntl.o obj/HAL/src/alt_fd_lock.o obj/HAL/src/alt_fd_unlock.o obj/HAL/src/alt_find_dev.o obj/HAL/src/alt_find_file.o obj/HAL/src/alt_flash_dev.o obj/HAL/src/alt_fork.o obj/HAL/src/alt_fs_reg.o obj/HAL/src/alt_fstat.o obj/HAL/src/alt_get_fd.o obj/HAL/src/alt_getchar.o obj/HAL/src/alt_getpid.o obj/HAL/src/alt_gettod.o obj/HAL/src/alt_gmon.o obj/HAL/src/alt_icache_flush.o obj/HAL/src/alt_icache_flush_all.o obj/HAL/src/alt_iic.o obj/HAL/src/alt_iic_isr_register.o obj/HAL/src/alt_instruction_exception_entry.o obj/HAL/src/alt_instruction_exception_register.o obj/HAL/src/alt_io_redirect.o obj/HAL/src/alt_ioctl.o obj/HAL/src/alt_irq_entry.o obj/HAL/src/alt_irq_handler.o obj/HAL/src/alt_irq_register.o obj/HAL/src/alt_irq_vars.o obj/HAL/src/alt_isatty.o obj/HAL/src/alt_kill.o obj/HAL/src/alt_link.o obj/HAL/src/alt_load.o obj/HAL/src/alt_log_macro.o obj/HAL/src/alt_log_printf.o obj/HAL/src/alt_lseek.o obj/HAL/src/alt_main.o obj/HAL/src/alt_malloc_lock.o obj/HAL/src/alt_mcount.o obj/HAL/src/alt_open.o obj/HAL/src/alt_printf.o obj/HAL/src/alt_putchar.o obj/HAL/src/alt_putcharbuf.o obj/HAL/src/alt_putstr.o obj/HAL/src/alt_read.o obj/HAL/src/alt_release_fd.o obj/HAL/src/alt_remap_cached.o obj/HAL/src/alt_remap_uncached.o obj/HAL/src/alt_rename.o obj/HAL/src/alt_sbrk.o obj/HAL/src/alt_settod.o obj/HAL/src/alt_software_exception.o obj/HAL/src/alt_stat.o obj/HAL/src/alt_tick.o obj/HAL/src/alt_times.o obj/HAL/src/alt_uncached_free.o obj/HAL/src/alt_uncached_malloc.o obj/HAL/src/alt_unlink.o obj/HAL/src/alt_usleep.o obj/HAL/src/alt_wait.o obj/HAL/src/alt_write.o obj/HAL/src/altera_nios2_qsys_irq.o obj/HAL/src/crt0.o obj/alt_sys_init.o
[BSP build complete]
13:10:07 **** Build of configuration Nios II for project gameVisualizer ****
make all 
Info: Building ../gameVisualizer_bsp/
C:/intelFPGA_lite/16.1/nios2eds/bin/gnu/H-x86_64-mingw32/bin/make --no-print-directory -C ../gameVisualizer_bsp/
[BSP build complete]
Info: Compiling main.c to obj/default/main.o
nios2-elf-gcc -xc -MP -MMD -c -I../gameVisualizer_bsp//HAL/inc -I../gameVisualizer_bsp/ -I../gameVisualizer_bsp//drivers/inc  -pipe -D__hal__ -DALT_NO_INSTRUCTION_EMULATION -DALT_SINGLE_THREADED    -O0 -g -Wall   -mno-hw-div -mno-hw-mul -mno-hw-mulx -mgpopt=global  -o obj/default/main.o main.c
main.c:3:6: warning: return type of 'main' is not 'int' [-Wmain]
 void main()
      ^
In file included from main.c:1:0:
main.c: In function 'main':
../gameVisualizer_bsp/system.h:166:44: warning: initialization makes pointer from integer without a cast [-Wint-conversion]
 #define GAMEMEMORY_AVALON_INTERFACE_0_BASE 0x9000
                                            ^
main.c:5:16: note: in expansion of macro 'GAMEMEMORY_AVALON_INTERFACE_0_BASE'
  int * start = GAMEMEMORY_AVALON_INTERFACE_0_BASE;
                ^
Info: Linking gameVisualizer.elf
nios2-elf-g++  -T'../gameVisualizer_bsp//linker.x' -msys-crt0='../gameVisualizer_bsp//obj/HAL/src/crt0.o' -msys-lib=hal_bsp -L../gameVisualizer_bsp/   -Wl,-Map=gameVisualizer.map   -O0 -g -Wall   -mno-hw-div -mno-hw-mul -mno-hw-mulx -mgpopt=global  -o gameVisualizer.elf obj/default/main.o -lm -msys-lib=m
nios2-elf-insert gameVisualizer.elf --thread_model hal --cpu_name nios2_qsys_0 --qsys true --simulation_enabled false --stderr_dev none --stdin_dev none --stdout_dev none --sopc_system_name gameVisuals --quartus_project_dir "D:/Unief/IIW_Ma/HW_SW/Project/Battleship" --jdi D:/Unief/IIW_Ma/HW_SW/Project/Battleship/software/gameVisualizer_bsp/../../GameVisualizer.jdi --sopcinfo D:/Unief/IIW_Ma/HW_SW/Project/Battleship/software/gameVisualizer_bsp/../../gameVisuals.sopcinfo
Info: (gameVisualizer.elf) 3740 Bytes program size (code + initialized data).
Info:                      10 KBytes free for stack + heap.
Info: Creating gameVisualizer.objdump
nios2-elf-objdump --disassemble --syms --all-header --source gameVisualizer.elf >gameVisualizer.objdump
[gameVisualizer build complete]
13:10:10 **** Incremental Build of configuration Nios II for project gameVisualizer_bsp ****
make all 
[BSP build complete]
13:10:33 **** Build of configuration Nios II for project gameVisualizer ****
make all 
Info: Building ../gameVisualizer_bsp/
C:/intelFPGA_lite/16.1/nios2eds/bin/gnu/H-x86_64-mingw32/bin/make --no-print-directory -C ../gameVisualizer_bsp/
[BSP build complete]
[gameVisualizer build complete]
13:10:35 **** Incremental Build of configuration Nios II for project gameVisualizer ****
make all 
Info: Building ../gameVisualizer_bsp/
C:/intelFPGA_lite/16.1/nios2eds/bin/gnu/H-x86_64-mingw32/bin/make --no-print-directory -C ../gameVisualizer_bsp/
[BSP build complete]
[gameVisualizer build complete]
13:14:12 **** Incremental Build of configuration Nios II for project gameVisualizer ****
make all 
Info: Building ../gameVisualizer_bsp/
C:/intelFPGA_lite/16.1/nios2eds/bin/gnu/H-x86_64-mingw32/bin/make --no-print-directory -C ../gameVisualizer_bsp/
[BSP build complete]
Info: Compiling main.c to obj/default/main.o
nios2-elf-gcc -xc -MP -MMD -c -I../gameVisualizer_bsp//HAL/inc -I../gameVisualizer_bsp/ -I../gameVisualizer_bsp//drivers/inc  -pipe -D__hal__ -DALT_NO_INSTRUCTION_EMULATION -DALT_SINGLE_THREADED    -O0 -g -Wall   -mno-hw-div -mno-hw-mul -mno-hw-mulx -mgpopt=global  -o obj/default/main.o main.c
main.c:3:6: warning: return type of 'main' is not 'int' [-Wmain]
 void main()
      ^
In file included from main.c:1:0:
main.c: In function 'main':
../gameVisualizer_bsp/system.h:166:44: warning: initialization makes pointer from integer without a cast [-Wint-conversion]
 #define GAMEMEMORY_AVALON_INTERFACE_0_BASE 0x9000
                                            ^
main.c:5:16: note: in expansion of macro 'GAMEMEMORY_AVALON_INTERFACE_0_BASE'
  int * start = GAMEMEMORY_AVALON_INTERFACE_0_BASE;
                ^
Info: Linking gameVisualizer.elf
nios2-elf-g++  -T'../gameVisualizer_bsp//linker.x' -msys-crt0='../gameVisualizer_bsp//obj/HAL/src/crt0.o' -msys-lib=hal_bsp -L../gameVisualizer_bsp/   -Wl,-Map=gameVisualizer.map   -O0 -g -Wall   -mno-hw-div -mno-hw-mul -mno-hw-mulx -mgpopt=global  -o gameVisualizer.elf obj/default/main.o -lm -msys-lib=m
nios2-elf-insert gameVisualizer.elf --thread_model hal --cpu_name nios2_qsys_0 --qsys true --simulation_enabled false --stderr_dev none --stdin_dev none --stdout_dev none --sopc_system_name gameVisuals --quartus_project_dir "D:/Unief/IIW_Ma/HW_SW/Project/Battleship" --jdi D:/Unief/IIW_Ma/HW_SW/Project/Battleship/software/gameVisualizer_bsp/../../GameVisualizer.jdi --sopcinfo D:/Unief/IIW_Ma/HW_SW/Project/Battleship/software/gameVisualizer_bsp/../../gameVisuals.sopcinfo
Info: (gameVisualizer.elf) 3740 Bytes program size (code + initialized data).
Info:                      10 KBytes free for stack + heap.
Info: Creating gameVisualizer.objdump
nios2-elf-objdump --disassemble --syms --all-header --source gameVisualizer.elf >gameVisualizer.objdump
[gameVisualizer build complete]
13:14:35 **** Incremental Build of configuration Nios II for project gameVisualizer ****
make all 
Info: Building ../gameVisualizer_bsp/
C:/intelFPGA_lite/16.1/nios2eds/bin/gnu/H-x86_64-mingw32/bin/make --no-print-directory -C ../gameVisualizer_bsp/
[BSP build complete]
Info: Compiling main.c to obj/default/main.o
nios2-elf-gcc -xc -MP -MMD -c -I../gameVisualizer_bsp//HAL/inc -I../gameVisualizer_bsp/ -I../gameVisualizer_bsp//drivers/inc  -pipe -D__hal__ -DALT_NO_INSTRUCTION_EMULATION -DALT_SINGLE_THREADED    -O0 -g -Wall   -mno-hw-div -mno-hw-mul -mno-hw-mulx -mgpopt=global  -o obj/default/main.o main.c
main.c:3:6: warning: return type of 'main' is not 'int' [-Wmain]
 void main()
      ^
In file included from main.c:1:0:
main.c: In function 'main':
../gameVisualizer_bsp/system.h:166:44: warning: initialization makes pointer from integer without a cast [-Wint-conversion]
 #define GAMEMEMORY_AVALON_INTERFACE_0_BASE 0x9000
                                            ^
main.c:5:16: note: in expansion of macro 'GAMEMEMORY_AVALON_INTERFACE_0_BASE'
  int * start = GAMEMEMORY_AVALON_INTERFACE_0_BASE;
                ^
Info: Linking gameVisualizer.elf
nios2-elf-g++  -T'../gameVisualizer_bsp//linker.x' -msys-crt0='../gameVisualizer_bsp//obj/HAL/src/crt0.o' -msys-lib=hal_bsp -L../gameVisualizer_bsp/   -Wl,-Map=gameVisualizer.map   -O0 -g -Wall   -mno-hw-div -mno-hw-mul -mno-hw-mulx -mgpopt=global  -o gameVisualizer.elf obj/default/main.o -lm -msys-lib=m
nios2-elf-insert gameVisualizer.elf --thread_model hal --cpu_name nios2_qsys_0 --qsys true --simulation_enabled false --stderr_dev none --stdin_dev none --stdout_dev none --sopc_system_name gameVisuals --quartus_project_dir "D:/Unief/IIW_Ma/HW_SW/Project/Battleship" --jdi D:/Unief/IIW_Ma/HW_SW/Project/Battleship/software/gameVisualizer_bsp/../../GameVisualizer.jdi --sopcinfo D:/Unief/IIW_Ma/HW_SW/Project/Battleship/software/gameVisualizer_bsp/../../gameVisuals.sopcinfo
Info: (gameVisualizer.elf) 3740 Bytes program size (code + initialized data).
Info:                      10 KBytes free for stack + heap.
Info: Creating gameVisualizer.objdump
nios2-elf-objdump --disassemble --syms --all-header --source gameVisualizer.elf >gameVisualizer.objdump
[gameVisualizer build complete]
13:14:56 **** Incremental Build of configuration Nios II for project gameVisualizer ****
make all 
Info: Building ../gameVisualizer_bsp/
C:/intelFPGA_lite/16.1/nios2eds/bin/gnu/H-x86_64-mingw32/bin/make --no-print-directory -C ../gameVisualizer_bsp/
[BSP build complete]
Info: Compiling main.c to obj/default/main.o
nios2-elf-gcc -xc -MP -MMD -c -I../gameVisualizer_bsp//HAL/inc -I../gameVisualizer_bsp/ -I../gameVisualizer_bsp//drivers/inc  -pipe -D__hal__ -DALT_NO_INSTRUCTION_EMULATION -DALT_SINGLE_THREADED    -O0 -g -Wall   -mno-hw-div -mno-hw-mul -mno-hw-mulx -mgpopt=global  -o obj/default/main.o main.c
main.c:3:6: warning: return type of 'main' is not 'int' [-Wmain]
 void main()
      ^
In file included from main.c:1:0:
main.c: In function 'main':
../gameVisualizer_bsp/system.h:166:44: warning: initialization makes pointer from integer without a cast [-Wint-conversion]
 #define GAMEMEMORY_AVALON_INTERFACE_0_BASE 0x9000
                                            ^
main.c:5:16: note: in expansion of macro 'GAMEMEMORY_AVALON_INTERFACE_0_BASE'
  int * start = GAMEMEMORY_AVALON_INTERFACE_0_BASE;
                ^
Info: Linking gameVisualizer.elf
nios2-elf-g++  -T'../gameVisualizer_bsp//linker.x' -msys-crt0='../gameVisualizer_bsp//obj/HAL/src/crt0.o' -msys-lib=hal_bsp -L../gameVisualizer_bsp/   -Wl,-Map=gameVisualizer.map   -O0 -g -Wall   -mno-hw-div -mno-hw-mul -mno-hw-mulx -mgpopt=global  -o gameVisualizer.elf obj/default/main.o -lm -msys-lib=m
nios2-elf-insert gameVisualizer.elf --thread_model hal --cpu_name nios2_qsys_0 --qsys true --simulation_enabled false --stderr_dev none --stdin_dev none --stdout_dev none --sopc_system_name gameVisuals --quartus_project_dir "D:/Unief/IIW_Ma/HW_SW/Project/Battleship" --jdi D:/Unief/IIW_Ma/HW_SW/Project/Battleship/software/gameVisualizer_bsp/../../GameVisualizer.jdi --sopcinfo D:/Unief/IIW_Ma/HW_SW/Project/Battleship/software/gameVisualizer_bsp/../../gameVisuals.sopcinfo
Info: (gameVisualizer.elf) 3740 Bytes program size (code + initialized data).
Info:                      10 KBytes free for stack + heap.
Info: Creating gameVisualizer.objdump
nios2-elf-objdump --disassemble --syms --all-header --source gameVisualizer.elf >gameVisualizer.objdump
[gameVisualizer build complete]
13:19:20 **** Incremental Build of configuration Nios II for project gameVisualizer ****
make all 
Info: Building ../gameVisualizer_bsp/
C:/intelFPGA_lite/16.1/nios2eds/bin/gnu/H-x86_64-mingw32/bin/make --no-print-directory -C ../gameVisualizer_bsp/
[BSP build complete]
Info: Compiling main.c to obj/default/main.o
nios2-elf-gcc -xc -MP -MMD -c -I../gameVisualizer_bsp//HAL/inc -I../gameVisualizer_bsp/ -I../gameVisualizer_bsp//drivers/inc  -pipe -D__hal__ -DALT_NO_INSTRUCTION_EMULATION -DALT_SINGLE_THREADED    -O0 -g -Wall   -mno-hw-div -mno-hw-mul -mno-hw-mulx -mgpopt=global  -o obj/default/main.o main.c
main.c:3:6: warning: return type of 'main' is not 'int' [-Wmain]
 void main()
      ^
In file included from main.c:1:0:
main.c: In function 'main':
../gameVisualizer_bsp/system.h:166:44: warning: initialization makes pointer from integer without a cast [-Wint-conversion]
 #define GAMEMEMORY_AVALON_INTERFACE_0_BASE 0x9000
                                            ^
main.c:5:16: note: in expansion of macro 'GAMEMEMORY_AVALON_INTERFACE_0_BASE'
  int * start = GAMEMEMORY_AVALON_INTERFACE_0_BASE;
                ^
Info: Linking gameVisualizer.elf
nios2-elf-g++  -T'../gameVisualizer_bsp//linker.x' -msys-crt0='../gameVisualizer_bsp//obj/HAL/src/crt0.o' -msys-lib=hal_bsp -L../gameVisualizer_bsp/   -Wl,-Map=gameVisualizer.map   -O0 -g -Wall   -mno-hw-div -mno-hw-mul -mno-hw-mulx -mgpopt=global  -o gameVisualizer.elf obj/default/main.o -lm -msys-lib=m
nios2-elf-insert gameVisualizer.elf --thread_model hal --cpu_name nios2_qsys_0 --qsys true --simulation_enabled false --stderr_dev none --stdin_dev none --stdout_dev none --sopc_system_name gameVisuals --quartus_project_dir "D:/Unief/IIW_Ma/HW_SW/Project/Battleship" --jdi D:/Unief/IIW_Ma/HW_SW/Project/Battleship/software/gameVisualizer_bsp/../../GameVisualizer.jdi --sopcinfo D:/Unief/IIW_Ma/HW_SW/Project/Battleship/software/gameVisualizer_bsp/../../gameVisuals.sopcinfo
Info: (gameVisualizer.elf) 3740 Bytes program size (code + initialized data).
Info:                      10 KBytes free for stack + heap.
Info: Creating gameVisualizer.objdump
nios2-elf-objdump --disassemble --syms --all-header --source gameVisualizer.elf >gameVisualizer.objdump
[gameVisualizer build complete]
13:24:06 **** Incremental Build of configuration Nios II for project gameVisualizer ****
make all 
Info: Building ../gameVisualizer_bsp/
C:/intelFPGA_lite/16.1/nios2eds/bin/gnu/H-x86_64-mingw32/bin/make --no-print-directory -C ../gameVisualizer_bsp/
[BSP build complete]
[gameVisualizer build complete]
13:30:34 **** Incremental Build of configuration Nios II for project gameVisualizer ****
make all 
Info: Building ../gameVisualizer_bsp/
C:/intelFPGA_lite/16.1/nios2eds/bin/gnu/H-x86_64-mingw32/bin/make --no-print-directory -C ../gameVisualizer_bsp/
[BSP build complete]
Info: Compiling main.c to obj/default/main.o
nios2-elf-gcc -xc -MP -MMD -c -I../gameVisualizer_bsp//HAL/inc -I../gameVisualizer_bsp/ -I../gameVisualizer_bsp//drivers/inc  -pipe -D__hal__ -DALT_NO_INSTRUCTION_EMULATION -DALT_SINGLE_THREADED    -O0 -g -Wall   -mno-hw-div -mno-hw-mul -mno-hw-mulx -mgpopt=global  -o obj/default/main.o main.c
main.c:3:6: warning: return type of 'main' is not 'int' [-Wmain]
 void main()
      ^
In file included from main.c:1:0:
main.c: In function 'main':
../gameVisualizer_bsp/system.h:166:44: warning: initialization makes pointer from integer without a cast [-Wint-conversion]
 #define GAMEMEMORY_AVALON_INTERFACE_0_BASE 0x9000
                                            ^
main.c:5:16: note: in expansion of macro 'GAMEMEMORY_AVALON_INTERFACE_0_BASE'
  int * start = GAMEMEMORY_AVALON_INTERFACE_0_BASE;
                ^
Info: Linking gameVisualizer.elf
nios2-elf-g++  -T'../gameVisualizer_bsp//linker.x' -msys-crt0='../gameVisualizer_bsp//obj/HAL/src/crt0.o' -msys-lib=hal_bsp -L../gameVisualizer_bsp/   -Wl,-Map=gameVisualizer.map   -O0 -g -Wall   -mno-hw-div -mno-hw-mul -mno-hw-mulx -mgpopt=global  -o gameVisualizer.elf obj/default/main.o -lm -msys-lib=m
nios2-elf-insert gameVisualizer.elf --thread_model hal --cpu_name nios2_qsys_0 --qsys true --simulation_enabled false --stderr_dev none --stdin_dev none --stdout_dev none --sopc_system_name gameVisuals --quartus_project_dir "D:/Unief/IIW_Ma/HW_SW/Project/Battleship" --jdi D:/Unief/IIW_Ma/HW_SW/Project/Battleship/software/gameVisualizer_bsp/../../GameVisualizer.jdi --sopcinfo D:/Unief/IIW_Ma/HW_SW/Project/Battleship/software/gameVisualizer_bsp/../../gameVisuals.sopcinfo
Info: (gameVisualizer.elf) 3740 Bytes program size (code + initialized data).
Info:                      10 KBytes free for stack + heap.
Info: Creating gameVisualizer.objdump
nios2-elf-objdump --disassemble --syms --all-header --source gameVisualizer.elf >gameVisualizer.objdump
[gameVisualizer build complete]
13:30:52 **** Incremental Build of configuration Nios II for project gameVisualizer ****
make all 
Info: Building ../gameVisualizer_bsp/
C:/intelFPGA_lite/16.1/nios2eds/bin/gnu/H-x86_64-mingw32/bin/make --no-print-directory -C ../gameVisualizer_bsp/
[BSP build complete]
Info: Compiling main.c to obj/default/main.o
nios2-elf-gcc -xc -MP -MMD -c -I../gameVisualizer_bsp//HAL/inc -I../gameVisualizer_bsp/ -I../gameVisualizer_bsp//drivers/inc  -pipe -D__hal__ -DALT_NO_INSTRUCTION_EMULATION -DALT_SINGLE_THREADED    -O0 -g -Wall   -mno-hw-div -mno-hw-mul -mno-hw-mulx -mgpopt=global  -o obj/default/main.o main.c
main.c:3:6: warning: return type of 'main' is not 'int' [-Wmain]
 void main()
      ^
In file included from main.c:1:0:
main.c: In function 'main':
../gameVisualizer_bsp/system.h:166:44: warning: initialization makes pointer from integer without a cast [-Wint-conversion]
 #define GAMEMEMORY_AVALON_INTERFACE_0_BASE 0x9000
                                            ^
main.c:5:16: note: in expansion of macro 'GAMEMEMORY_AVALON_INTERFACE_0_BASE'
  int * start = GAMEMEMORY_AVALON_INTERFACE_0_BASE;
                ^
Info: Linking gameVisualizer.elf
nios2-elf-g++  -T'../gameVisualizer_bsp//linker.x' -msys-crt0='../gameVisualizer_bsp//obj/HAL/src/crt0.o' -msys-lib=hal_bsp -L../gameVisualizer_bsp/   -Wl,-Map=gameVisualizer.map   -O0 -g -Wall   -mno-hw-div -mno-hw-mul -mno-hw-mulx -mgpopt=global  -o gameVisualizer.elf obj/default/main.o -lm -msys-lib=m
nios2-elf-insert gameVisualizer.elf --thread_model hal --cpu_name nios2_qsys_0 --qsys true --simulation_enabled false --stderr_dev none --stdin_dev none --stdout_dev none --sopc_system_name gameVisuals --quartus_project_dir "D:/Unief/IIW_Ma/HW_SW/Project/Battleship" --jdi D:/Unief/IIW_Ma/HW_SW/Project/Battleship/software/gameVisualizer_bsp/../../GameVisualizer.jdi --sopcinfo D:/Unief/IIW_Ma/HW_SW/Project/Battleship/software/gameVisualizer_bsp/../../gameVisuals.sopcinfo
Info: (gameVisualizer.elf) 3740 Bytes program size (code + initialized data).
Info:                      10 KBytes free for stack + heap.
Info: Creating gameVisualizer.objdump
nios2-elf-objdump --disassemble --syms --all-header --source gameVisualizer.elf >gameVisualizer.objdump
[gameVisualizer build complete]
13:31:42 **** Incremental Build of configuration Nios II for project gameVisualizer ****
make all 
Info: Building ../gameVisualizer_bsp/
C:/intelFPGA_lite/16.1/nios2eds/bin/gnu/H-x86_64-mingw32/bin/make --no-print-directory -C ../gameVisualizer_bsp/
[BSP build complete]
Info: Compiling main.c to obj/default/main.o
nios2-elf-gcc -xc -MP -MMD -c -I../gameVisualizer_bsp//HAL/inc -I../gameVisualizer_bsp/ -I../gameVisualizer_bsp//drivers/inc  -pipe -D__hal__ -DALT_NO_INSTRUCTION_EMULATION -DALT_SINGLE_THREADED    -O0 -g -Wall   -mno-hw-div -mno-hw-mul -mno-hw-mulx -mgpopt=global  -o obj/default/main.o main.c
In file included from main.c:1:0:
main.c: In function 'main':
../gameVisualizer_bsp/system.h:166:44: warning: initialization makes pointer from integer without a cast [-Wint-conversion]
 #define GAMEMEMORY_AVALON_INTERFACE_0_BASE 0x9000
                                            ^
main.c:5:16: note: in expansion of macro 'GAMEMEMORY_AVALON_INTERFACE_0_BASE'
  int * start = GAMEMEMORY_AVALON_INTERFACE_0_BASE;
                ^
Info: Linking gameVisualizer.elf
nios2-elf-g++  -T'../gameVisualizer_bsp//linker.x' -msys-crt0='../gameVisualizer_bsp//obj/HAL/src/crt0.o' -msys-lib=hal_bsp -L../gameVisualizer_bsp/   -Wl,-Map=gameVisualizer.map   -O0 -g -Wall   -mno-hw-div -mno-hw-mul -mno-hw-mulx -mgpopt=global  -o gameVisualizer.elf obj/default/main.o -lm -msys-lib=m
nios2-elf-insert gameVisualizer.elf --thread_model hal --cpu_name nios2_qsys_0 --qsys true --simulation_enabled false --stderr_dev none --stdin_dev none --stdout_dev none --sopc_system_name gameVisuals --quartus_project_dir "D:/Unief/IIW_Ma/HW_SW/Project/Battleship" --jdi D:/Unief/IIW_Ma/HW_SW/Project/Battleship/software/gameVisualizer_bsp/../../GameVisualizer.jdi --sopcinfo D:/Unief/IIW_Ma/HW_SW/Project/Battleship/software/gameVisualizer_bsp/../../gameVisuals.sopcinfo
Info: (gameVisualizer.elf) 3740 Bytes program size (code + initialized data).
Info:                      10 KBytes free for stack + heap.
Info: Creating gameVisualizer.objdump
nios2-elf-objdump --disassemble --syms --all-header --source gameVisualizer.elf >gameVisualizer.objdump
[gameVisualizer build complete]
13:31:55 **** Incremental Build of configuration Nios II for project gameVisualizer ****
make all 
Info: Building ../gameVisualizer_bsp/
C:/intelFPGA_lite/16.1/nios2eds/bin/gnu/H-x86_64-mingw32/bin/make --no-print-directory -C ../gameVisualizer_bsp/
[BSP build complete]
[gameVisualizer build complete]
13:31:56 **** Incremental Build of configuration Nios II for project gameVisualizer_bsp ****
make all 
[BSP build complete]
13:32:02 **** Incremental Build of configuration Nios II for project gameVisualizer ****
make all 
Info: Building ../gameVisualizer_bsp/
C:/intelFPGA_lite/16.1/nios2eds/bin/gnu/H-x86_64-mingw32/bin/make --no-print-directory -C ../gameVisualizer_bsp/
[BSP build complete]
[gameVisualizer build complete]
13:32:13 **** Incremental Build of configuration Nios II for project gameVisualizer ****
make all 
Info: Building ../gameVisualizer_bsp/
C:/intelFPGA_lite/16.1/nios2eds/bin/gnu/H-x86_64-mingw32/bin/make --no-print-directory -C ../gameVisualizer_bsp/
[BSP build complete]
Info: Compiling main.c to obj/default/main.o
nios2-elf-gcc -xc -MP -MMD -c -I../gameVisualizer_bsp//HAL/inc -I../gameVisualizer_bsp/ -I../gameVisualizer_bsp//drivers/inc  -pipe -D__hal__ -DALT_NO_INSTRUCTION_EMULATION -DALT_SINGLE_THREADED    -O0 -g -Wall   -mno-hw-div -mno-hw-mul -mno-hw-mulx -mgpopt=global  -o obj/default/main.o main.c
In file included from main.c:1:0:
main.c: In function 'main':
../gameVisualizer_bsp/system.h:166:44: warning: initialization makes pointer from integer without a cast [-Wint-conversion]
 #define GAMEMEMORY_AVALON_INTERFACE_0_BASE 0x9000
                                            ^
main.c:5:16: note: in expansion of macro 'GAMEMEMORY_AVALON_INTERFACE_0_BASE'
  int * start = GAMEMEMORY_AVALON_INTERFACE_0_BASE;
                ^
Info: Linking gameVisualizer.elf
nios2-elf-g++  -T'../gameVisualizer_bsp//linker.x' -msys-crt0='../gameVisualizer_bsp//obj/HAL/src/crt0.o' -msys-lib=hal_bsp -L../gameVisualizer_bsp/   -Wl,-Map=gameVisualizer.map   -O0 -g -Wall   -mno-hw-div -mno-hw-mul -mno-hw-mulx -mgpopt=global  -o gameVisualizer.elf obj/default/main.o -lm -msys-lib=m
nios2-elf-insert gameVisualizer.elf --thread_model hal --cpu_name nios2_qsys_0 --qsys true --simulation_enabled false --stderr_dev none --stdin_dev none --stdout_dev none --sopc_system_name gameVisuals --quartus_project_dir "D:/Unief/IIW_Ma/HW_SW/Project/Battleship" --jdi D:/Unief/IIW_Ma/HW_SW/Project/Battleship/software/gameVisualizer_bsp/../../GameVisualizer.jdi --sopcinfo D:/Unief/IIW_Ma/HW_SW/Project/Battleship/software/gameVisualizer_bsp/../../gameVisuals.sopcinfo
Info: (gameVisualizer.elf) 3744 Bytes program size (code + initialized data).
Info:                      10 KBytes free for stack + heap.
Info: Creating gameVisualizer.objdump
nios2-elf-objdump --disassemble --syms --all-header --source gameVisualizer.elf >gameVisualizer.objdump
[gameVisualizer build complete]
13:33:18 **** Incremental Build of configuration Nios II for project gameVisualizer ****
make all 
Info: Building ../gameVisualizer_bsp/
C:/intelFPGA_lite/16.1/nios2eds/bin/gnu/H-x86_64-mingw32/bin/make --no-print-directory -C ../gameVisualizer_bsp/
[BSP build complete]
Info: Compiling main.c to obj/default/main.o
nios2-elf-gcc -xc -MP -MMD -c -I../gameVisualizer_bsp//HAL/inc -I../gameVisualizer_bsp/ -I../gameVisualizer_bsp//drivers/inc  -pipe -D__hal__ -DALT_NO_INSTRUCTION_EMULATION -DALT_SINGLE_THREADED    -O0 -g -Wall   -mno-hw-div -mno-hw-mul -mno-hw-mulx -mgpopt=global  -o obj/default/main.o main.c
In file included from main.c:1:0:
main.c: In function 'main':
../gameVisualizer_bsp/system.h:166:44: warning: initialization makes pointer from integer without a cast [-Wint-conversion]
 #define GAMEMEMORY_AVALON_INTERFACE_0_BASE 0x9000
                                            ^
main.c:5:16: note: in expansion of macro 'GAMEMEMORY_AVALON_INTERFACE_0_BASE'
  int * start = GAMEMEMORY_AVALON_INTERFACE_0_BASE;
                ^
Info: Linking gameVisualizer.elf
nios2-elf-g++  -T'../gameVisualizer_bsp//linker.x' -msys-crt0='../gameVisualizer_bsp//obj/HAL/src/crt0.o' -msys-lib=hal_bsp -L../gameVisualizer_bsp/   -Wl,-Map=gameVisualizer.map   -O0 -g -Wall   -mno-hw-div -mno-hw-mul -mno-hw-mulx -mgpopt=global  -o gameVisualizer.elf obj/default/main.o -lm -msys-lib=m
nios2-elf-insert gameVisualizer.elf --thread_model hal --cpu_name nios2_qsys_0 --qsys true --simulation_enabled false --stderr_dev none --stdin_dev none --stdout_dev none --sopc_system_name gameVisuals --quartus_project_dir "D:/Unief/IIW_Ma/HW_SW/Project/Battleship" --jdi D:/Unief/IIW_Ma/HW_SW/Project/Battleship/software/gameVisualizer_bsp/../../GameVisualizer.jdi --sopcinfo D:/Unief/IIW_Ma/HW_SW/Project/Battleship/software/gameVisualizer_bsp/../../gameVisuals.sopcinfo
Info: (gameVisualizer.elf) 3736 Bytes program size (code + initialized data).
Info:                      10 KBytes free for stack + heap.
Info: Creating gameVisualizer.objdump
nios2-elf-objdump --disassemble --syms --all-header --source gameVisualizer.elf >gameVisualizer.objdump
[gameVisualizer build complete]
13:34:02 **** Incremental Build of configuration Nios II for project gameVisualizer ****
make all 
Info: Building ../gameVisualizer_bsp/
C:/intelFPGA_lite/16.1/nios2eds/bin/gnu/H-x86_64-mingw32/bin/make --no-print-directory -C ../gameVisualizer_bsp/
[BSP build complete]
[gameVisualizer build complete]
13:34:19 **** Incremental Build of configuration Nios II for project gameVisualizer ****
make all 
Info: Building ../gameVisualizer_bsp/
C:/intelFPGA_lite/16.1/nios2eds/bin/gnu/H-x86_64-mingw32/bin/make --no-print-directory -C ../gameVisualizer_bsp/
[BSP build complete]
Info: Compiling main.c to obj/default/main.o
nios2-elf-gcc -xc -MP -MMD -c -I../gameVisualizer_bsp//HAL/inc -I../gameVisualizer_bsp/ -I../gameVisualizer_bsp//drivers/inc  -pipe -D__hal__ -DALT_NO_INSTRUCTION_EMULATION -DALT_SINGLE_THREADED    -O0 -g -Wall   -mno-hw-div -mno-hw-mul -mno-hw-mulx -mgpopt=global  -o obj/default/main.o main.c
In file included from main.c:1:0:
main.c: In function 'main':
../gameVisualizer_bsp/system.h:166:44: warning: initialization makes pointer from integer without a cast [-Wint-conversion]
 #define GAMEMEMORY_AVALON_INTERFACE_0_BASE 0x9000
                                            ^
main.c:5:16: note: in expansion of macro 'GAMEMEMORY_AVALON_INTERFACE_0_BASE'
  int * start = GAMEMEMORY_AVALON_INTERFACE_0_BASE;
                ^
Info: Linking gameVisualizer.elf
nios2-elf-g++  -T'../gameVisualizer_bsp//linker.x' -msys-crt0='../gameVisualizer_bsp//obj/HAL/src/crt0.o' -msys-lib=hal_bsp -L../gameVisualizer_bsp/   -Wl,-Map=gameVisualizer.map   -O0 -g -Wall   -mno-hw-div -mno-hw-mul -mno-hw-mulx -mgpopt=global  -o gameVisualizer.elf obj/default/main.o -lm -msys-lib=m
nios2-elf-insert gameVisualizer.elf --thread_model hal --cpu_name nios2_qsys_0 --qsys true --simulation_enabled false --stderr_dev none --stdin_dev none --stdout_dev none --sopc_system_name gameVisuals --quartus_project_dir "D:/Unief/IIW_Ma/HW_SW/Project/Battleship" --jdi D:/Unief/IIW_Ma/HW_SW/Project/Battleship/software/gameVisualizer_bsp/../../GameVisualizer.jdi --sopcinfo D:/Unief/IIW_Ma/HW_SW/Project/Battleship/software/gameVisualizer_bsp/../../gameVisuals.sopcinfo
Info: (gameVisualizer.elf) 3740 Bytes program size (code + initialized data).
Info:                      10 KBytes free for stack + heap.
Info: Creating gameVisualizer.objdump
nios2-elf-objdump --disassemble --syms --all-header --source gameVisualizer.elf >gameVisualizer.objdump
[gameVisualizer build complete]
13:34:37 **** Incremental Build of configuration Nios II for project gameVisualizer ****
make all 
Info: Building ../gameVisualizer_bsp/
C:/intelFPGA_lite/16.1/nios2eds/bin/gnu/H-x86_64-mingw32/bin/make --no-print-directory -C ../gameVisualizer_bsp/
[BSP build complete]
Info: Compiling main.c to obj/default/main.o
nios2-elf-gcc -xc -MP -MMD -c -I../gameVisualizer_bsp//HAL/inc -I../gameVisualizer_bsp/ -I../gameVisualizer_bsp//drivers/inc  -pipe -D__hal__ -DALT_NO_INSTRUCTION_EMULATION -DALT_SINGLE_THREADED    -O0 -g -Wall   -mno-hw-div -mno-hw-mul -mno-hw-mulx -mgpopt=global  -o obj/default/main.o main.c
In file included from main.c:1:0:
main.c: In function 'main':
../gameVisualizer_bsp/system.h:166:44: warning: initialization makes pointer from integer without a cast [-Wint-conversion]
 #define GAMEMEMORY_AVALON_INTERFACE_0_BASE 0x9000
                                            ^
main.c:5:16: note: in expansion of macro 'GAMEMEMORY_AVALON_INTERFACE_0_BASE'
  int * start = GAMEMEMORY_AVALON_INTERFACE_0_BASE;
                ^
Info: Linking gameVisualizer.elf
nios2-elf-g++  -T'../gameVisualizer_bsp//linker.x' -msys-crt0='../gameVisualizer_bsp//obj/HAL/src/crt0.o' -msys-lib=hal_bsp -L../gameVisualizer_bsp/   -Wl,-Map=gameVisualizer.map   -O0 -g -Wall   -mno-hw-div -mno-hw-mul -mno-hw-mulx -mgpopt=global  -o gameVisualizer.elf obj/default/main.o -lm -msys-lib=m
nios2-elf-insert gameVisualizer.elf --thread_model hal --cpu_name nios2_qsys_0 --qsys true --simulation_enabled false --stderr_dev none --stdin_dev none --stdout_dev none --sopc_system_name gameVisuals --quartus_project_dir "D:/Unief/IIW_Ma/HW_SW/Project/Battleship" --jdi D:/Unief/IIW_Ma/HW_SW/Project/Battleship/software/gameVisualizer_bsp/../../GameVisualizer.jdi --sopcinfo D:/Unief/IIW_Ma/HW_SW/Project/Battleship/software/gameVisualizer_bsp/../../gameVisuals.sopcinfo
Info: (gameVisualizer.elf) 3744 Bytes program size (code + initialized data).
Info:                      10 KBytes free for stack + heap.
Info: Creating gameVisualizer.objdump
nios2-elf-objdump --disassemble --syms --all-header --source gameVisualizer.elf >gameVisualizer.objdump
[gameVisualizer build complete]
13:34:56 **** Incremental Build of configuration Nios II for project gameVisualizer ****
make all 
Info: Building ../gameVisualizer_bsp/
C:/intelFPGA_lite/16.1/nios2eds/bin/gnu/H-x86_64-mingw32/bin/make --no-print-directory -C ../gameVisualizer_bsp/
[BSP build complete]
Info: Compiling main.c to obj/default/main.o
nios2-elf-gcc -xc -MP -MMD -c -I../gameVisualizer_bsp//HAL/inc -I../gameVisualizer_bsp/ -I../gameVisualizer_bsp//drivers/inc  -pipe -D__hal__ -DALT_NO_INSTRUCTION_EMULATION -DALT_SINGLE_THREADED    -O0 -g -Wall   -mno-hw-div -mno-hw-mul -mno-hw-mulx -mgpopt=global  -o obj/default/main.o main.c
In file included from main.c:1:0:
main.c: In function 'main':
../gameVisualizer_bsp/system.h:166:44: warning: initialization makes pointer from integer without a cast [-Wint-conversion]
 #define GAMEMEMORY_AVALON_INTERFACE_0_BASE 0x9000
                                            ^
main.c:5:16: note: in expansion of macro 'GAMEMEMORY_AVALON_INTERFACE_0_BASE'
  int * start = GAMEMEMORY_AVALON_INTERFACE_0_BASE;
                ^
Info: Linking gameVisualizer.elf
nios2-elf-g++  -T'../gameVisualizer_bsp//linker.x' -msys-crt0='../gameVisualizer_bsp//obj/HAL/src/crt0.o' -msys-lib=hal_bsp -L../gameVisualizer_bsp/   -Wl,-Map=gameVisualizer.map   -O0 -g -Wall   -mno-hw-div -mno-hw-mul -mno-hw-mulx -mgpopt=global  -o gameVisualizer.elf obj/default/main.o -lm -msys-lib=m
nios2-elf-insert gameVisualizer.elf --thread_model hal --cpu_name nios2_qsys_0 --qsys true --simulation_enabled false --stderr_dev none --stdin_dev none --stdout_dev none --sopc_system_name gameVisuals --quartus_project_dir "D:/Unief/IIW_Ma/HW_SW/Project/Battleship" --jdi D:/Unief/IIW_Ma/HW_SW/Project/Battleship/software/gameVisualizer_bsp/../../GameVisualizer.jdi --sopcinfo D:/Unief/IIW_Ma/HW_SW/Project/Battleship/software/gameVisualizer_bsp/../../gameVisuals.sopcinfo
Info: (gameVisualizer.elf) 3748 Bytes program size (code + initialized data).
Info:                      10 KBytes free for stack + heap.
Info: Creating gameVisualizer.objdump
nios2-elf-objdump --disassemble --syms --all-header --source gameVisualizer.elf >gameVisualizer.objdump
[gameVisualizer build complete]
13:35:14 **** Incremental Build of configuration Nios II for project gameVisualizer ****
make all 
Info: Building ../gameVisualizer_bsp/
C:/intelFPGA_lite/16.1/nios2eds/bin/gnu/H-x86_64-mingw32/bin/make --no-print-directory -C ../gameVisualizer_bsp/
[BSP build complete]
Info: Compiling main.c to obj/default/main.o
nios2-elf-gcc -xc -MP -MMD -c -I../gameVisualizer_bsp//HAL/inc -I../gameVisualizer_bsp/ -I../gameVisualizer_bsp//drivers/inc  -pipe -D__hal__ -DALT_NO_INSTRUCTION_EMULATION -DALT_SINGLE_THREADED    -O0 -g -Wall   -mno-hw-div -mno-hw-mul -mno-hw-mulx -mgpopt=global  -o obj/default/main.o main.c
In file included from main.c:1:0:
main.c: In function 'main':
../gameVisualizer_bsp/system.h:166:44: warning: initialization makes pointer from integer without a cast [-Wint-conversion]
 #define GAMEMEMORY_AVALON_INTERFACE_0_BASE 0x9000
                                            ^
main.c:5:16: note: in expansion of macro 'GAMEMEMORY_AVALON_INTERFACE_0_BASE'
  int * start = GAMEMEMORY_AVALON_INTERFACE_0_BASE;
                ^
Info: Linking gameVisualizer.elf
nios2-elf-g++  -T'../gameVisualizer_bsp//linker.x' -msys-crt0='../gameVisualizer_bsp//obj/HAL/src/crt0.o' -msys-lib=hal_bsp -L../gameVisualizer_bsp/   -Wl,-Map=gameVisualizer.map   -O0 -g -Wall   -mno-hw-div -mno-hw-mul -mno-hw-mulx -mgpopt=global  -o gameVisualizer.elf obj/default/main.o -lm -msys-lib=m
nios2-elf-insert gameVisualizer.elf --thread_model hal --cpu_name nios2_qsys_0 --qsys true --simulation_enabled false --stderr_dev none --stdin_dev none --stdout_dev none --sopc_system_name gameVisuals --quartus_project_dir "D:/Unief/IIW_Ma/HW_SW/Project/Battleship" --jdi D:/Unief/IIW_Ma/HW_SW/Project/Battleship/software/gameVisualizer_bsp/../../GameVisualizer.jdi --sopcinfo D:/Unief/IIW_Ma/HW_SW/Project/Battleship/software/gameVisualizer_bsp/../../gameVisuals.sopcinfo
Info: (gameVisualizer.elf) 3748 Bytes program size (code + initialized data).
Info:                      10 KBytes free for stack + heap.
Info: Creating gameVisualizer.objdump
nios2-elf-objdump --disassemble --syms --all-header --source gameVisualizer.elf >gameVisualizer.objdump
[gameVisualizer build complete]
13:37:34 **** Incremental Build of configuration Nios II for project gameVisualizer ****
make all 
Info: Building ../gameVisualizer_bsp/
C:/intelFPGA_lite/16.1/nios2eds/bin/gnu/H-x86_64-mingw32/bin/make --no-print-directory -C ../gameVisualizer_bsp/
[BSP build complete]
Info: Compiling main.c to obj/default/main.o
nios2-elf-gcc -xc -MP -MMD -c -I../gameVisualizer_bsp//HAL/inc -I../gameVisualizer_bsp/ -I../gameVisualizer_bsp//drivers/inc  -pipe -D__hal__ -DALT_NO_INSTRUCTION_EMULATION -DALT_SINGLE_THREADED    -O0 -g -Wall   -mno-hw-div -mno-hw-mul -mno-hw-mulx -mgpopt=global  -o obj/default/main.o main.c
In file included from main.c:1:0:
main.c: In function 'main':
../gameVisualizer_bsp/system.h:166:44: warning: initialization makes pointer from integer without a cast [-Wint-conversion]
 #define GAMEMEMORY_AVALON_INTERFACE_0_BASE 0x9000
                                            ^
main.c:8:16: note: in expansion of macro 'GAMEMEMORY_AVALON_INTERFACE_0_BASE'
  int * start = GAMEMEMORY_AVALON_INTERFACE_0_BASE;
                ^
Info: Linking gameVisualizer.elf
nios2-elf-g++  -T'../gameVisualizer_bsp//linker.x' -msys-crt0='../gameVisualizer_bsp//obj/HAL/src/crt0.o' -msys-lib=hal_bsp -L../gameVisualizer_bsp/   -Wl,-Map=gameVisualizer.map   -O0 -g -Wall   -mno-hw-div -mno-hw-mul -mno-hw-mulx -mgpopt=global  -o gameVisualizer.elf obj/default/main.o -lm -msys-lib=m
nios2-elf-insert gameVisualizer.elf --thread_model hal --cpu_name nios2_qsys_0 --qsys true --simulation_enabled false --stderr_dev none --stdin_dev none --stdout_dev none --sopc_system_name gameVisuals --quartus_project_dir "D:/Unief/IIW_Ma/HW_SW/Project/Battleship" --jdi D:/Unief/IIW_Ma/HW_SW/Project/Battleship/software/gameVisualizer_bsp/../../GameVisualizer.jdi --sopcinfo D:/Unief/IIW_Ma/HW_SW/Project/Battleship/software/gameVisualizer_bsp/../../gameVisuals.sopcinfo
Info: (gameVisualizer.elf) 3748 Bytes program size (code + initialized data).
Info:                      10 KBytes free for stack + heap.
Info: Creating gameVisualizer.objdump
nios2-elf-objdump --disassemble --syms --all-header --source gameVisualizer.elf >gameVisualizer.objdump
[gameVisualizer build complete]
13:37:53 **** Incremental Build of configuration Nios II for project gameVisualizer ****
make all 
Info: Building ../gameVisualizer_bsp/
C:/intelFPGA_lite/16.1/nios2eds/bin/gnu/H-x86_64-mingw32/bin/make --no-print-directory -C ../gameVisualizer_bsp/
[BSP build complete]
Info: Compiling main.c to obj/default/main.o
nios2-elf-gcc -xc -MP -MMD -c -I../gameVisualizer_bsp//HAL/inc -I../gameVisualizer_bsp/ -I../gameVisualizer_bsp//drivers/inc  -pipe -D__hal__ -DALT_NO_INSTRUCTION_EMULATION -DALT_SINGLE_THREADED    -O0 -g -Wall   -mno-hw-div -mno-hw-mul -mno-hw-mulx -mgpopt=global  -o obj/default/main.o main.c
In file included from main.c:1:0:
main.c: In function 'main':
../gameVisualizer_bsp/system.h:166:44: warning: initialization makes pointer from integer without a cast [-Wint-conversion]
 #define GAMEMEMORY_AVALON_INTERFACE_0_BASE 0x9000
                                            ^
main.c:8:16: note: in expansion of macro 'GAMEMEMORY_AVALON_INTERFACE_0_BASE'
  int * start = GAMEMEMORY_AVALON_INTERFACE_0_BASE;
                ^
Info: Linking gameVisualizer.elf
nios2-elf-g++  -T'../gameVisualizer_bsp//linker.x' -msys-crt0='../gameVisualizer_bsp//obj/HAL/src/crt0.o' -msys-lib=hal_bsp -L../gameVisualizer_bsp/   -Wl,-Map=gameVisualizer.map   -O0 -g -Wall   -mno-hw-div -mno-hw-mul -mno-hw-mulx -mgpopt=global  -o gameVisualizer.elf obj/default/main.o -lm -msys-lib=m
nios2-elf-insert gameVisualizer.elf --thread_model hal --cpu_name nios2_qsys_0 --qsys true --simulation_enabled false --stderr_dev none --stdin_dev none --stdout_dev none --sopc_system_name gameVisuals --quartus_project_dir "D:/Unief/IIW_Ma/HW_SW/Project/Battleship" --jdi D:/Unief/IIW_Ma/HW_SW/Project/Battleship/software/gameVisualizer_bsp/../../GameVisualizer.jdi --sopcinfo D:/Unief/IIW_Ma/HW_SW/Project/Battleship/software/gameVisualizer_bsp/../../gameVisuals.sopcinfo
Info: (gameVisualizer.elf) 3748 Bytes program size (code + initialized data).
Info:                      10 KBytes free for stack + heap.
Info: Creating gameVisualizer.objdump
nios2-elf-objdump --disassemble --syms --all-header --source gameVisualizer.elf >gameVisualizer.objdump
[gameVisualizer build complete]
13:38:09 **** Incremental Build of configuration Nios II for project gameVisualizer ****
make all 
Info: Building ../gameVisualizer_bsp/
C:/intelFPGA_lite/16.1/nios2eds/bin/gnu/H-x86_64-mingw32/bin/make --no-print-directory -C ../gameVisualizer_bsp/
[BSP build complete]
Info: Compiling main.c to obj/default/main.o
nios2-elf-gcc -xc -MP -MMD -c -I../gameVisualizer_bsp//HAL/inc -I../gameVisualizer_bsp/ -I../gameVisualizer_bsp//drivers/inc  -pipe -D__hal__ -DALT_NO_INSTRUCTION_EMULATION -DALT_SINGLE_THREADED    -O0 -g -Wall   -mno-hw-div -mno-hw-mul -mno-hw-mulx -mgpopt=global  -o obj/default/main.o main.c
In file included from main.c:1:0:
main.c: In function 'main':
../gameVisualizer_bsp/system.h:166:44: warning: initialization makes pointer from integer without a cast [-Wint-conversion]
 #define GAMEMEMORY_AVALON_INTERFACE_0_BASE 0x9000
                                            ^
main.c:8:16: note: in expansion of macro 'GAMEMEMORY_AVALON_INTERFACE_0_BASE'
  int * start = GAMEMEMORY_AVALON_INTERFACE_0_BASE;
                ^
Info: Linking gameVisualizer.elf
nios2-elf-g++  -T'../gameVisualizer_bsp//linker.x' -msys-crt0='../gameVisualizer_bsp//obj/HAL/src/crt0.o' -msys-lib=hal_bsp -L../gameVisualizer_bsp/   -Wl,-Map=gameVisualizer.map   -O0 -g -Wall   -mno-hw-div -mno-hw-mul -mno-hw-mulx -mgpopt=global  -o gameVisualizer.elf obj/default/main.o -lm -msys-lib=m
nios2-elf-insert gameVisualizer.elf --thread_model hal --cpu_name nios2_qsys_0 --qsys true --simulation_enabled false --stderr_dev none --stdin_dev none --stdout_dev none --sopc_system_name gameVisuals --quartus_project_dir "D:/Unief/IIW_Ma/HW_SW/Project/Battleship" --jdi D:/Unief/IIW_Ma/HW_SW/Project/Battleship/software/gameVisualizer_bsp/../../GameVisualizer.jdi --sopcinfo D:/Unief/IIW_Ma/HW_SW/Project/Battleship/software/gameVisualizer_bsp/../../gameVisuals.sopcinfo
Info: (gameVisualizer.elf) 3748 Bytes program size (code + initialized data).
Info:                      10 KBytes free for stack + heap.
Info: Creating gameVisualizer.objdump
nios2-elf-objdump --disassemble --syms --all-header --source gameVisualizer.elf >gameVisualizer.objdump
[gameVisualizer build complete]
13:38:34 **** Incremental Build of configuration Nios II for project gameVisualizer ****
make all 
Info: Building ../gameVisualizer_bsp/
C:/intelFPGA_lite/16.1/nios2eds/bin/gnu/H-x86_64-mingw32/bin/make --no-print-directory -C ../gameVisualizer_bsp/
[BSP build complete]
Info: Compiling main.c to obj/default/main.o
nios2-elf-gcc -xc -MP -MMD -c -I../gameVisualizer_bsp//HAL/inc -I../gameVisualizer_bsp/ -I../gameVisualizer_bsp//drivers/inc  -pipe -D__hal__ -DALT_NO_INSTRUCTION_EMULATION -DALT_SINGLE_THREADED    -O0 -g -Wall   -mno-hw-div -mno-hw-mul -mno-hw-mulx -mgpopt=global  -o obj/default/main.o main.c
In file included from main.c:1:0:
main.c: In function 'main':
../gameVisualizer_bsp/system.h:166:44: warning: initialization makes pointer from integer without a cast [-Wint-conversion]
 #define GAMEMEMORY_AVALON_INTERFACE_0_BASE 0x9000
                                            ^
main.c:8:16: note: in expansion of macro 'GAMEMEMORY_AVALON_INTERFACE_0_BASE'
  int * start = GAMEMEMORY_AVALON_INTERFACE_0_BASE;
                ^
Info: Linking gameVisualizer.elf
nios2-elf-g++  -T'../gameVisualizer_bsp//linker.x' -msys-crt0='../gameVisualizer_bsp//obj/HAL/src/crt0.o' -msys-lib=hal_bsp -L../gameVisualizer_bsp/   -Wl,-Map=gameVisualizer.map   -O0 -g -Wall   -mno-hw-div -mno-hw-mul -mno-hw-mulx -mgpopt=global  -o gameVisualizer.elf obj/default/main.o -lm -msys-lib=m
nios2-elf-insert gameVisualizer.elf --thread_model hal --cpu_name nios2_qsys_0 --qsys true --simulation_enabled false --stderr_dev none --stdin_dev none --stdout_dev none --sopc_system_name gameVisuals --quartus_project_dir "D:/Unief/IIW_Ma/HW_SW/Project/Battleship" --jdi D:/Unief/IIW_Ma/HW_SW/Project/Battleship/software/gameVisualizer_bsp/../../GameVisualizer.jdi --sopcinfo D:/Unief/IIW_Ma/HW_SW/Project/Battleship/software/gameVisualizer_bsp/../../gameVisuals.sopcinfo
Info: (gameVisualizer.elf) 3740 Bytes program size (code + initialized data).
Info:                      10 KBytes free for stack + heap.
Info: Creating gameVisualizer.objdump
nios2-elf-objdump --disassemble --syms --all-header --source gameVisualizer.elf >gameVisualizer.objdump
[gameVisualizer build complete]
13:38:46 **** Incremental Build of configuration Nios II for project gameVisualizer ****
make all 
Info: Building ../gameVisualizer_bsp/
C:/intelFPGA_lite/16.1/nios2eds/bin/gnu/H-x86_64-mingw32/bin/make --no-print-directory -C ../gameVisualizer_bsp/
[BSP build complete]
Info: Compiling main.c to obj/default/main.o
nios2-elf-gcc -xc -MP -MMD -c -I../gameVisualizer_bsp//HAL/inc -I../gameVisualizer_bsp/ -I../gameVisualizer_bsp//drivers/inc  -pipe -D__hal__ -DALT_NO_INSTRUCTION_EMULATION -DALT_SINGLE_THREADED    -O0 -g -Wall   -mno-hw-div -mno-hw-mul -mno-hw-mulx -mgpopt=global  -o obj/default/main.o main.c
In file included from main.c:1:0:
main.c: In function 'main':
../gameVisualizer_bsp/system.h:166:44: warning: initialization makes pointer from integer without a cast [-Wint-conversion]
 #define GAMEMEMORY_AVALON_INTERFACE_0_BASE 0x9000
                                            ^
main.c:8:16: note: in expansion of macro 'GAMEMEMORY_AVALON_INTERFACE_0_BASE'
  int * start = GAMEMEMORY_AVALON_INTERFACE_0_BASE;
                ^
Info: Linking gameVisualizer.elf
nios2-elf-g++  -T'../gameVisualizer_bsp//linker.x' -msys-crt0='../gameVisualizer_bsp//obj/HAL/src/crt0.o' -msys-lib=hal_bsp -L../gameVisualizer_bsp/   -Wl,-Map=gameVisualizer.map   -O0 -g -Wall   -mno-hw-div -mno-hw-mul -mno-hw-mulx -mgpopt=global  -o gameVisualizer.elf obj/default/main.o -lm -msys-lib=m
nios2-elf-insert gameVisualizer.elf --thread_model hal --cpu_name nios2_qsys_0 --qsys true --simulation_enabled false --stderr_dev none --stdin_dev none --stdout_dev none --sopc_system_name gameVisuals --quartus_project_dir "D:/Unief/IIW_Ma/HW_SW/Project/Battleship" --jdi D:/Unief/IIW_Ma/HW_SW/Project/Battleship/software/gameVisualizer_bsp/../../GameVisualizer.jdi --sopcinfo D:/Unief/IIW_Ma/HW_SW/Project/Battleship/software/gameVisualizer_bsp/../../gameVisuals.sopcinfo
Info: (gameVisualizer.elf) 3740 Bytes program size (code + initialized data).
Info:                      10 KBytes free for stack + heap.
Info: Creating gameVisualizer.objdump
nios2-elf-objdump --disassemble --syms --all-header --source gameVisualizer.elf >gameVisualizer.objdump
[gameVisualizer build complete]
13:39:13 **** Incremental Build of configuration Nios II for project gameVisualizer ****
make all 
Info: Building ../gameVisualizer_bsp/
C:/intelFPGA_lite/16.1/nios2eds/bin/gnu/H-x86_64-mingw32/bin/make --no-print-directory -C ../gameVisualizer_bsp/
[BSP build complete]
Info: Compiling main.c to obj/default/main.o
nios2-elf-gcc -xc -MP -MMD -c -I../gameVisualizer_bsp//HAL/inc -I../gameVisualizer_bsp/ -I../gameVisualizer_bsp//drivers/inc  -pipe -D__hal__ -DALT_NO_INSTRUCTION_EMULATION -DALT_SINGLE_THREADED    -O0 -g -Wall   -mno-hw-div -mno-hw-mul -mno-hw-mulx -mgpopt=global  -o obj/default/main.o main.c
In file included from main.c:1:0:
main.c: In function 'main':
../gameVisualizer_bsp/system.h:166:44: warning: initialization makes pointer from integer without a cast [-Wint-conversion]
 #define GAMEMEMORY_AVALON_INTERFACE_0_BASE 0x9000
                                            ^
main.c:8:16: note: in expansion of macro 'GAMEMEMORY_AVALON_INTERFACE_0_BASE'
  int * start = GAMEMEMORY_AVALON_INTERFACE_0_BASE;
                ^
Info: Linking gameVisualizer.elf
nios2-elf-g++  -T'../gameVisualizer_bsp//linker.x' -msys-crt0='../gameVisualizer_bsp//obj/HAL/src/crt0.o' -msys-lib=hal_bsp -L../gameVisualizer_bsp/   -Wl,-Map=gameVisualizer.map   -O0 -g -Wall   -mno-hw-div -mno-hw-mul -mno-hw-mulx -mgpopt=global  -o gameVisualizer.elf obj/default/main.o -lm -msys-lib=m
nios2-elf-insert gameVisualizer.elf --thread_model hal --cpu_name nios2_qsys_0 --qsys true --simulation_enabled false --stderr_dev none --stdin_dev none --stdout_dev none --sopc_system_name gameVisuals --quartus_project_dir "D:/Unief/IIW_Ma/HW_SW/Project/Battleship" --jdi D:/Unief/IIW_Ma/HW_SW/Project/Battleship/software/gameVisualizer_bsp/../../GameVisualizer.jdi --sopcinfo D:/Unief/IIW_Ma/HW_SW/Project/Battleship/software/gameVisualizer_bsp/../../gameVisuals.sopcinfo
Info: (gameVisualizer.elf) 3740 Bytes program size (code + initialized data).
Info:                      10 KBytes free for stack + heap.
Info: Creating gameVisualizer.objdump
nios2-elf-objdump --disassemble --syms --all-header --source gameVisualizer.elf >gameVisualizer.objdump
[gameVisualizer build complete]
13:42:03 **** Incremental Build of configuration Nios II for project gameVisualizer ****
make all 
Info: Building ../gameVisualizer_bsp/
C:/intelFPGA_lite/16.1/nios2eds/bin/gnu/H-x86_64-mingw32/bin/make --no-print-directory -C ../gameVisualizer_bsp/
[BSP build complete]
Info: Compiling main.c to obj/default/main.o
nios2-elf-gcc -xc -MP -MMD -c -I../gameVisualizer_bsp//HAL/inc -I../gameVisualizer_bsp/ -I../gameVisualizer_bsp//drivers/inc  -pipe -D__hal__ -DALT_NO_INSTRUCTION_EMULATION -DALT_SINGLE_THREADED    -O0 -g -Wall   -mno-hw-div -mno-hw-mul -mno-hw-mulx -mgpopt=global  -o obj/default/main.o main.c
In file included from main.c:1:0:
main.c: In function 'main':
../gameVisualizer_bsp/system.h:166:44: warning: initialization makes pointer from integer without a cast [-Wint-conversion]
 #define GAMEMEMORY_AVALON_INTERFACE_0_BASE 0x9000
                                            ^
main.c:8:16: note: in expansion of macro 'GAMEMEMORY_AVALON_INTERFACE_0_BASE'
  int * start = GAMEMEMORY_AVALON_INTERFACE_0_BASE;
                ^
Info: Linking gameVisualizer.elf
nios2-elf-g++  -T'../gameVisualizer_bsp//linker.x' -msys-crt0='../gameVisualizer_bsp//obj/HAL/src/crt0.o' -msys-lib=hal_bsp -L../gameVisualizer_bsp/   -Wl,-Map=gameVisualizer.map   -O0 -g -Wall   -mno-hw-div -mno-hw-mul -mno-hw-mulx -mgpopt=global  -o gameVisualizer.elf obj/default/main.o -lm -msys-lib=m
nios2-elf-insert gameVisualizer.elf --thread_model hal --cpu_name nios2_qsys_0 --qsys true --simulation_enabled false --stderr_dev none --stdin_dev none --stdout_dev none --sopc_system_name gameVisuals --quartus_project_dir "D:/Unief/IIW_Ma/HW_SW/Project/Battleship" --jdi D:/Unief/IIW_Ma/HW_SW/Project/Battleship/software/gameVisualizer_bsp/../../GameVisualizer.jdi --sopcinfo D:/Unief/IIW_Ma/HW_SW/Project/Battleship/software/gameVisualizer_bsp/../../gameVisuals.sopcinfo
Info: (gameVisualizer.elf) 3720 Bytes program size (code + initialized data).
Info:                      10 KBytes free for stack + heap.
Info: Creating gameVisualizer.objdump
nios2-elf-objdump --disassemble --syms --all-header --source gameVisualizer.elf >gameVisualizer.objdump
[gameVisualizer build complete]
13:42:51 **** Incremental Build of configuration Nios II for project gameVisualizer ****
make all 
Info: Building ../gameVisualizer_bsp/
C:/intelFPGA_lite/16.1/nios2eds/bin/gnu/H-x86_64-mingw32/bin/make --no-print-directory -C ../gameVisualizer_bsp/
[BSP build complete]
[gameVisualizer build complete]
13:43:10 **** Incremental Build of configuration Nios II for project gameVisualizer ****
make all 
Info: Building ../gameVisualizer_bsp/
C:/intelFPGA_lite/16.1/nios2eds/bin/gnu/H-x86_64-mingw32/bin/make --no-print-directory -C ../gameVisualizer_bsp/
[BSP build complete]
Info: Compiling main.c to obj/default/main.o
nios2-elf-gcc -xc -MP -MMD -c -I../gameVisualizer_bsp//HAL/inc -I../gameVisualizer_bsp/ -I../gameVisualizer_bsp//drivers/inc  -pipe -D__hal__ -DALT_NO_INSTRUCTION_EMULATION -DALT_SINGLE_THREADED    -O0 -g -Wall   -mno-hw-div -mno-hw-mul -mno-hw-mulx -mgpopt=global  -o obj/default/main.o main.c
In file included from main.c:1:0:
main.c: In function 'main':
../gameVisualizer_bsp/system.h:166:44: warning: initialization makes pointer from integer without a cast [-Wint-conversion]
 #define GAMEMEMORY_AVALON_INTERFACE_0_BASE 0x9000
                                            ^
main.c:8:16: note: in expansion of macro 'GAMEMEMORY_AVALON_INTERFACE_0_BASE'
  int * start = GAMEMEMORY_AVALON_INTERFACE_0_BASE;
                ^
Info: Linking gameVisualizer.elf
nios2-elf-g++  -T'../gameVisualizer_bsp//linker.x' -msys-crt0='../gameVisualizer_bsp//obj/HAL/src/crt0.o' -msys-lib=hal_bsp -L../gameVisualizer_bsp/   -Wl,-Map=gameVisualizer.map   -O0 -g -Wall   -mno-hw-div -mno-hw-mul -mno-hw-mulx -mgpopt=global  -o gameVisualizer.elf obj/default/main.o -lm -msys-lib=m
nios2-elf-insert gameVisualizer.elf --thread_model hal --cpu_name nios2_qsys_0 --qsys true --simulation_enabled false --stderr_dev none --stdin_dev none --stdout_dev none --sopc_system_name gameVisuals --quartus_project_dir "D:/Unief/IIW_Ma/HW_SW/Project/Battleship" --jdi D:/Unief/IIW_Ma/HW_SW/Project/Battleship/software/gameVisualizer_bsp/../../GameVisualizer.jdi --sopcinfo D:/Unief/IIW_Ma/HW_SW/Project/Battleship/software/gameVisualizer_bsp/../../gameVisuals.sopcinfo
Info: (gameVisualizer.elf) 3716 Bytes program size (code + initialized data).
Info:                      10 KBytes free for stack + heap.
Info: Creating gameVisualizer.objdump
nios2-elf-objdump --disassemble --syms --all-header --source gameVisualizer.elf >gameVisualizer.objdump
[gameVisualizer build complete]
13:43:38 **** Incremental Build of configuration Nios II for project gameVisualizer ****
make all 
Info: Building ../gameVisualizer_bsp/
C:/intelFPGA_lite/16.1/nios2eds/bin/gnu/H-x86_64-mingw32/bin/make --no-print-directory -C ../gameVisualizer_bsp/
[BSP build complete]
[gameVisualizer build complete]
13:43:55 **** Incremental Build of configuration Nios II for project gameVisualizer ****
make all 
Info: Building ../gameVisualizer_bsp/
C:/intelFPGA_lite/16.1/nios2eds/bin/gnu/H-x86_64-mingw32/bin/make --no-print-directory -C ../gameVisualizer_bsp/
[BSP build complete]
[gameVisualizer build complete]
13:44:13 **** Incremental Build of configuration Nios II for project gameVisualizer ****
make all 
Info: Building ../gameVisualizer_bsp/
C:/intelFPGA_lite/16.1/nios2eds/bin/gnu/H-x86_64-mingw32/bin/make --no-print-directory -C ../gameVisualizer_bsp/
[BSP build complete]
Info: Compiling main.c to obj/default/main.o
nios2-elf-gcc -xc -MP -MMD -c -I../gameVisualizer_bsp//HAL/inc -I../gameVisualizer_bsp/ -I../gameVisualizer_bsp//drivers/inc  -pipe -D__hal__ -DALT_NO_INSTRUCTION_EMULATION -DALT_SINGLE_THREADED    -O0 -g -Wall   -mno-hw-div -mno-hw-mul -mno-hw-mulx -mgpopt=global  -o obj/default/main.o main.c
In file included from main.c:1:0:
main.c: In function 'main':
../gameVisualizer_bsp/system.h:166:44: warning: initialization makes pointer from integer without a cast [-Wint-conversion]
 #define GAMEMEMORY_AVALON_INTERFACE_0_BASE 0x9000
                                            ^
main.c:8:16: note: in expansion of macro 'GAMEMEMORY_AVALON_INTERFACE_0_BASE'
  int * start = GAMEMEMORY_AVALON_INTERFACE_0_BASE;
                ^
Info: Linking gameVisualizer.elf
nios2-elf-g++  -T'../gameVisualizer_bsp//linker.x' -msys-crt0='../gameVisualizer_bsp//obj/HAL/src/crt0.o' -msys-lib=hal_bsp -L../gameVisualizer_bsp/   -Wl,-Map=gameVisualizer.map   -O0 -g -Wall   -mno-hw-div -mno-hw-mul -mno-hw-mulx -mgpopt=global  -o gameVisualizer.elf obj/default/main.o -lm -msys-lib=m
nios2-elf-insert gameVisualizer.elf --thread_model hal --cpu_name nios2_qsys_0 --qsys true --simulation_enabled false --stderr_dev none --stdin_dev none --stdout_dev none --sopc_system_name gameVisuals --quartus_project_dir "D:/Unief/IIW_Ma/HW_SW/Project/Battleship" --jdi D:/Unief/IIW_Ma/HW_SW/Project/Battleship/software/gameVisualizer_bsp/../../GameVisualizer.jdi --sopcinfo D:/Unief/IIW_Ma/HW_SW/Project/Battleship/software/gameVisualizer_bsp/../../gameVisuals.sopcinfo
Info: (gameVisualizer.elf) 3780 Bytes program size (code + initialized data).
Info:                      10 KBytes free for stack + heap.
Info: Creating gameVisualizer.objdump
nios2-elf-objdump --disassemble --syms --all-header --source gameVisualizer.elf >gameVisualizer.objdump
[gameVisualizer build complete]
13:45:20 **** Incremental Build of configuration Nios II for project gameVisualizer ****
make all 
Info: Building ../gameVisualizer_bsp/
C:/intelFPGA_lite/16.1/nios2eds/bin/gnu/H-x86_64-mingw32/bin/make --no-print-directory -C ../gameVisualizer_bsp/
[BSP build complete]
Info: Compiling main.c to obj/default/main.o
nios2-elf-gcc -xc -MP -MMD -c -I../gameVisualizer_bsp//HAL/inc -I../gameVisualizer_bsp/ -I../gameVisualizer_bsp//drivers/inc  -pipe -D__hal__ -DALT_NO_INSTRUCTION_EMULATION -DALT_SINGLE_THREADED    -O0 -g -Wall   -mno-hw-div -mno-hw-mul -mno-hw-mulx -mgpopt=global  -o obj/default/main.o main.c
main.c: In function 'reset':
main.c:8:3: error: invalid type argument of unary '*' (have 'int')
   *(GAMEMEMORY_AVALON_INTERFACE_0_BASE + i) = 0;
   ^
In file included from main.c:1:0:
main.c: In function 'main':
../gameVisualizer_bsp/system.h:166:44: warning: initialization makes pointer from integer without a cast [-Wint-conversion]
 #define GAMEMEMORY_AVALON_INTERFACE_0_BASE 0x9000
                                            ^
main.c:15:16: note: in expansion of macro 'GAMEMEMORY_AVALON_INTERFACE_0_BASE'
  int * start = GAMEMEMORY_AVALON_INTERFACE_0_BASE;
                ^
make: *** [obj/default/main.o] Error 1
13:46:18 **** Incremental Build of configuration Nios II for project gameVisualizer ****
make all 
Info: Building ../gameVisualizer_bsp/
C:/intelFPGA_lite/16.1/nios2eds/bin/gnu/H-x86_64-mingw32/bin/make --no-print-directory -C ../gameVisualizer_bsp/
[BSP build complete]
Info: Compiling main.c to obj/default/main.o
nios2-elf-gcc -xc -MP -MMD -c -I../gameVisualizer_bsp//HAL/inc -I../gameVisualizer_bsp/ -I../gameVisualizer_bsp//drivers/inc  -pipe -D__hal__ -DALT_NO_INSTRUCTION_EMULATION -DALT_SINGLE_THREADED    -O0 -g -Wall   -mno-hw-div -mno-hw-mul -mno-hw-mulx -mgpopt=global  -o obj/default/main.o main.c
In file included from main.c:1:0:
main.c: In function 'reset':
../gameVisualizer_bsp/system.h:166:44: warning: initialization makes pointer from integer without a cast [-Wint-conversion]
 #define GAMEMEMORY_AVALON_INTERFACE_0_BASE 0x9000
                                            ^
main.c:6:16: note: in expansion of macro 'GAMEMEMORY_AVALON_INTERFACE_0_BASE'
  int * start = GAMEMEMORY_AVALON_INTERFACE_0_BASE;
                ^
main.c: In function 'main':
../gameVisualizer_bsp/system.h:166:44: warning: initialization makes pointer from integer without a cast [-Wint-conversion]
 #define GAMEMEMORY_AVALON_INTERFACE_0_BASE 0x9000
                                            ^
main.c:16:16: note: in expansion of macro 'GAMEMEMORY_AVALON_INTERFACE_0_BASE'
  int * start = GAMEMEMORY_AVALON_INTERFACE_0_BASE;
                ^
Info: Linking gameVisualizer.elf
nios2-elf-g++  -T'../gameVisualizer_bsp//linker.x' -msys-crt0='../gameVisualizer_bsp//obj/HAL/src/crt0.o' -msys-lib=hal_bsp -L../gameVisualizer_bsp/   -Wl,-Map=gameVisualizer.map   -O0 -g -Wall   -mno-hw-div -mno-hw-mul -mno-hw-mulx -mgpopt=global  -o gameVisualizer.elf obj/default/main.o -lm -msys-lib=m
nios2-elf-insert gameVisualizer.elf --thread_model hal --cpu_name nios2_qsys_0 --qsys true --simulation_enabled false --stderr_dev none --stdin_dev none --stdout_dev none --sopc_system_name gameVisuals --quartus_project_dir "D:/Unief/IIW_Ma/HW_SW/Project/Battleship" --jdi D:/Unief/IIW_Ma/HW_SW/Project/Battleship/software/gameVisualizer_bsp/../../GameVisualizer.jdi --sopcinfo D:/Unief/IIW_Ma/HW_SW/Project/Battleship/software/gameVisualizer_bsp/../../gameVisuals.sopcinfo
Info: (gameVisualizer.elf) 3892 Bytes program size (code + initialized data).
Info:                      10 KBytes free for stack + heap.
Info: Creating gameVisualizer.objdump
nios2-elf-objdump --disassemble --syms --all-header --source gameVisualizer.elf >gameVisualizer.objdump
[gameVisualizer build complete]
13:46:42 **** Incremental Build of configuration Nios II for project gameVisualizer ****
make all 
Info: Building ../gameVisualizer_bsp/
C:/intelFPGA_lite/16.1/nios2eds/bin/gnu/H-x86_64-mingw32/bin/make --no-print-directory -C ../gameVisualizer_bsp/
[BSP build complete]
Info: Compiling main.c to obj/default/main.o
nios2-elf-gcc -xc -MP -MMD -c -I../gameVisualizer_bsp//HAL/inc -I../gameVisualizer_bsp/ -I../gameVisualizer_bsp//drivers/inc  -pipe -D__hal__ -DALT_NO_INSTRUCTION_EMULATION -DALT_SINGLE_THREADED    -O0 -g -Wall   -mno-hw-div -mno-hw-mul -mno-hw-mulx -mgpopt=global  -o obj/default/main.o main.c
In file included from main.c:1:0:
main.c: In function 'reset':
../gameVisualizer_bsp/system.h:166:44: warning: initialization makes pointer from integer without a cast [-Wint-conversion]
 #define GAMEMEMORY_AVALON_INTERFACE_0_BASE 0x9000
                                            ^
main.c:6:16: note: in expansion of macro 'GAMEMEMORY_AVALON_INTERFACE_0_BASE'
  int * start = GAMEMEMORY_AVALON_INTERFACE_0_BASE;
                ^
main.c: In function 'main':
../gameVisualizer_bsp/system.h:166:44: warning: initialization makes pointer from integer without a cast [-Wint-conversion]
 #define GAMEMEMORY_AVALON_INTERFACE_0_BASE 0x9000
                                            ^
main.c:16:16: note: in expansion of macro 'GAMEMEMORY_AVALON_INTERFACE_0_BASE'
  int * start = GAMEMEMORY_AVALON_INTERFACE_0_BASE;
                ^
Info: Linking gameVisualizer.elf
nios2-elf-g++  -T'../gameVisualizer_bsp//linker.x' -msys-crt0='../gameVisualizer_bsp//obj/HAL/src/crt0.o' -msys-lib=hal_bsp -L../gameVisualizer_bsp/   -Wl,-Map=gameVisualizer.map   -O0 -g -Wall   -mno-hw-div -mno-hw-mul -mno-hw-mulx -mgpopt=global  -o gameVisualizer.elf obj/default/main.o -lm -msys-lib=m
nios2-elf-insert gameVisualizer.elf --thread_model hal --cpu_name nios2_qsys_0 --qsys true --simulation_enabled false --stderr_dev none --stdin_dev none --stdout_dev none --sopc_system_name gameVisuals --quartus_project_dir "D:/Unief/IIW_Ma/HW_SW/Project/Battleship" --jdi D:/Unief/IIW_Ma/HW_SW/Project/Battleship/software/gameVisualizer_bsp/../../GameVisualizer.jdi --sopcinfo D:/Unief/IIW_Ma/HW_SW/Project/Battleship/software/gameVisualizer_bsp/../../gameVisuals.sopcinfo
Info: (gameVisualizer.elf) 3892 Bytes program size (code + initialized data).
Info:                      10 KBytes free for stack + heap.
Info: Creating gameVisualizer.objdump
nios2-elf-objdump --disassemble --syms --all-header --source gameVisualizer.elf >gameVisualizer.objdump
[gameVisualizer build complete]
13:47:11 **** Incremental Build of configuration Nios II for project gameVisualizer ****
make all 
Info: Building ../gameVisualizer_bsp/
C:/intelFPGA_lite/16.1/nios2eds/bin/gnu/H-x86_64-mingw32/bin/make --no-print-directory -C ../gameVisualizer_bsp/
[BSP build complete]
Info: Compiling main.c to obj/default/main.o
nios2-elf-gcc -xc -MP -MMD -c -I../gameVisualizer_bsp//HAL/inc -I../gameVisualizer_bsp/ -I../gameVisualizer_bsp//drivers/inc  -pipe -D__hal__ -DALT_NO_INSTRUCTION_EMULATION -DALT_SINGLE_THREADED    -O0 -g -Wall   -mno-hw-div -mno-hw-mul -mno-hw-mulx -mgpopt=global  -o obj/default/main.o main.c
In file included from main.c:1:0:
main.c: In function 'reset':
../gameVisualizer_bsp/system.h:166:44: warning: initialization makes pointer from integer without a cast [-Wint-conversion]
 #define GAMEMEMORY_AVALON_INTERFACE_0_BASE 0x9000
                                            ^
main.c:6:16: note: in expansion of macro 'GAMEMEMORY_AVALON_INTERFACE_0_BASE'
  int * start = GAMEMEMORY_AVALON_INTERFACE_0_BASE;
                ^
main.c: In function 'main':
../gameVisualizer_bsp/system.h:166:44: warning: initialization makes pointer from integer without a cast [-Wint-conversion]
 #define GAMEMEMORY_AVALON_INTERFACE_0_BASE 0x9000
                                            ^
main.c:16:16: note: in expansion of macro 'GAMEMEMORY_AVALON_INTERFACE_0_BASE'
  int * start = GAMEMEMORY_AVALON_INTERFACE_0_BASE;
                ^
Info: Linking gameVisualizer.elf
nios2-elf-g++  -T'../gameVisualizer_bsp//linker.x' -msys-crt0='../gameVisualizer_bsp//obj/HAL/src/crt0.o' -msys-lib=hal_bsp -L../gameVisualizer_bsp/   -Wl,-Map=gameVisualizer.map   -O0 -g -Wall   -mno-hw-div -mno-hw-mul -mno-hw-mulx -mgpopt=global  -o gameVisualizer.elf obj/default/main.o -lm -msys-lib=m
nios2-elf-insert gameVisualizer.elf --thread_model hal --cpu_name nios2_qsys_0 --qsys true --simulation_enabled false --stderr_dev none --stdin_dev none --stdout_dev none --sopc_system_name gameVisuals --quartus_project_dir "D:/Unief/IIW_Ma/HW_SW/Project/Battleship" --jdi D:/Unief/IIW_Ma/HW_SW/Project/Battleship/software/gameVisualizer_bsp/../../GameVisualizer.jdi --sopcinfo D:/Unief/IIW_Ma/HW_SW/Project/Battleship/software/gameVisualizer_bsp/../../gameVisuals.sopcinfo
Info: (gameVisualizer.elf) 3828 Bytes program size (code + initialized data).
Info:                      10 KBytes free for stack + heap.
Info: Creating gameVisualizer.objdump
nios2-elf-objdump --disassemble --syms --all-header --source gameVisualizer.elf >gameVisualizer.objdump
[gameVisualizer build complete]
13:50:47 **** Incremental Build of configuration Nios II for project gameVisualizer ****
make all 
Info: Building ../gameVisualizer_bsp/
C:/intelFPGA_lite/16.1/nios2eds/bin/gnu/H-x86_64-mingw32/bin/make --no-print-directory -C ../gameVisualizer_bsp/
[BSP build complete]
[gameVisualizer build complete]
13:51:23 **** Incremental Build of configuration Nios II for project gameVisualizer ****
make all 
Info: Building ../gameVisualizer_bsp/
C:/intelFPGA_lite/16.1/nios2eds/bin/gnu/H-x86_64-mingw32/bin/make --no-print-directory -C ../gameVisualizer_bsp/
[BSP build complete]
Info: Compiling main.c to obj/default/main.o
nios2-elf-gcc -xc -MP -MMD -c -I../gameVisualizer_bsp//HAL/inc -I../gameVisualizer_bsp/ -I../gameVisualizer_bsp//drivers/inc  -pipe -D__hal__ -DALT_NO_INSTRUCTION_EMULATION -DALT_SINGLE_THREADED    -O0 -g -Wall   -mno-hw-div -mno-hw-mul -mno-hw-mulx -mgpopt=global  -o obj/default/main.o main.c
In file included from main.c:1:0:
main.c: In function 'reset':
../gameVisualizer_bsp/system.h:166:44: warning: initialization makes pointer from integer without a cast [-Wint-conversion]
 #define GAMEMEMORY_AVALON_INTERFACE_0_BASE 0x9000
                                            ^
main.c:6:16: note: in expansion of macro 'GAMEMEMORY_AVALON_INTERFACE_0_BASE'
  int * start = GAMEMEMORY_AVALON_INTERFACE_0_BASE;
                ^
main.c: In function 'main':
../gameVisualizer_bsp/system.h:166:44: warning: initialization makes pointer from integer without a cast [-Wint-conversion]
 #define GAMEMEMORY_AVALON_INTERFACE_0_BASE 0x9000
                                            ^
main.c:16:16: note: in expansion of macro 'GAMEMEMORY_AVALON_INTERFACE_0_BASE'
  int * start = GAMEMEMORY_AVALON_INTERFACE_0_BASE;
                ^
Info: Linking gameVisualizer.elf
nios2-elf-g++  -T'../gameVisualizer_bsp//linker.x' -msys-crt0='../gameVisualizer_bsp//obj/HAL/src/crt0.o' -msys-lib=hal_bsp -L../gameVisualizer_bsp/   -Wl,-Map=gameVisualizer.map   -O0 -g -Wall   -mno-hw-div -mno-hw-mul -mno-hw-mulx -mgpopt=global  -o gameVisualizer.elf obj/default/main.o -lm -msys-lib=m
nios2-elf-insert gameVisualizer.elf --thread_model hal --cpu_name nios2_qsys_0 --qsys true --simulation_enabled false --stderr_dev none --stdin_dev none --stdout_dev none --sopc_system_name gameVisuals --quartus_project_dir "D:/Unief/IIW_Ma/HW_SW/Project/Battleship" --jdi D:/Unief/IIW_Ma/HW_SW/Project/Battleship/software/gameVisualizer_bsp/../../GameVisualizer.jdi --sopcinfo D:/Unief/IIW_Ma/HW_SW/Project/Battleship/software/gameVisualizer_bsp/../../gameVisuals.sopcinfo
Info: (gameVisualizer.elf) 3852 Bytes program size (code + initialized data).
Info:                      10 KBytes free for stack + heap.
Info: Creating gameVisualizer.objdump
nios2-elf-objdump --disassemble --syms --all-header --source gameVisualizer.elf >gameVisualizer.objdump
[gameVisualizer build complete]
13:54:54 **** Incremental Build of configuration Nios II for project gameVisualizer ****
make all 
Info: Building ../gameVisualizer_bsp/
C:/intelFPGA_lite/16.1/nios2eds/bin/gnu/H-x86_64-mingw32/bin/make --no-print-directory -C ../gameVisualizer_bsp/
[BSP build complete]
[gameVisualizer build complete]
