Info: Starting: Create block symbol file (.bsf)
Info: qsys-generate D:\Unief\IIW_Ma\HW_SW\Project\Battleship\gameVisuals.qsys --block-symbol-file --output-directory=D:\Unief\IIW_Ma\HW_SW\Project\Battleship\gameVisuals --family="Cyclone V" --part=5CSEMA5F31C6
Progress: Loading Battleship/gameVisuals.qsys
Progress: Reading input file
Progress: Adding clk_0 [clock_source 16.1]
Progress: Parameterizing module clk_0
Progress: Adding communication_0 [communication 1.0]
Progress: Parameterizing module communication_0
Progress: Adding gameMemory_avalon_interface_0 [gameMemory_avalon_interface 1.0]
Progress: Parameterizing module gameMemory_avalon_interface_0
Progress: Adding nios2_qsys_0 [altera_nios2_qsys 16.1]
Progress: Parameterizing module nios2_qsys_0
Progress: Adding onchip_memory2_0 [altera_avalon_onchip_memory2 16.1]
Progress: Parameterizing module onchip_memory2_0
Progress: Building connections
Progress: Parameterizing connections
Progress: Validating
Progress: Done reading input file
Warning: gameVisuals.nios2_qsys_0: Nios II Classic cores are no longer recommended for new projects
Info: qsys-generate succeeded.
Info: Finished: Create block symbol file (.bsf)
Info: 
Info: Starting: Create HDL design files for synthesis
Info: qsys-generate D:\Unief\IIW_Ma\HW_SW\Project\Battleship\gameVisuals.qsys --synthesis=VERILOG --output-directory=D:\Unief\IIW_Ma\HW_SW\Project\Battleship\gameVisuals\synthesis --family="Cyclone V" --part=5CSEMA5F31C6
Progress: Loading Battleship/gameVisuals.qsys
Progress: Reading input file
Progress: Adding clk_0 [clock_source 16.1]
Progress: Parameterizing module clk_0
Progress: Adding communication_0 [communication 1.0]
Progress: Parameterizing module communication_0
Progress: Adding gameMemory_avalon_interface_0 [gameMemory_avalon_interface 1.0]
Progress: Parameterizing module gameMemory_avalon_interface_0
Progress: Adding nios2_qsys_0 [altera_nios2_qsys 16.1]
Progress: Parameterizing module nios2_qsys_0
Progress: Adding onchip_memory2_0 [altera_avalon_onchip_memory2 16.1]
Progress: Parameterizing module onchip_memory2_0
Progress: Building connections
Progress: Parameterizing connections
Progress: Validating
Progress: Done reading input file
Warning: gameVisuals.nios2_qsys_0: Nios II Classic cores are no longer recommended for new projects
Info: gameVisuals: Generating gameVisuals "gameVisuals" for QUARTUS_SYNTH
Info: communication_0: "gameVisuals" instantiated communication "communication_0"
Info: gameMemory_avalon_interface_0: "gameVisuals" instantiated gameMemory_avalon_interface "gameMemory_avalon_interface_0"
Info: nios2_qsys_0: Starting RTL generation for module 'gameVisuals_nios2_qsys_0'
Info: nios2_qsys_0:   Generation command is [exec C:/intelfpga_lite/16.1/quartus/bin64/eperlcmd.exe -I C:/intelfpga_lite/16.1/quartus/bin64/perl/lib -I C:/intelfpga_lite/16.1/quartus/sopc_builder/bin/europa -I C:/intelfpga_lite/16.1/quartus/sopc_builder/bin/perl_lib -I C:/intelfpga_lite/16.1/quartus/sopc_builder/bin -I C:/intelfpga_lite/16.1/quartus/../ip/altera/nios2_ip/altera_nios2/cpu_lib -I C:/intelfpga_lite/16.1/quartus/../ip/altera/nios2_ip/altera_nios2/nios_lib -I C:/intelfpga_lite/16.1/quartus/../ip/altera/nios2_ip/altera_nios2 -I C:/intelfpga_lite/16.1/quartus/../ip/altera/nios2_ip/altera_nios2 -- C:/intelfpga_lite/16.1/quartus/../ip/altera/nios2_ip/altera_nios2/generate_rtl.epl --name=gameVisuals_nios2_qsys_0 --dir=C:/Users/Laurens/AppData/Local/Temp/alt8029_765552185588839651.dir/0026_nios2_qsys_0_gen/ --quartus_bindir=C:/intelfpga_lite/16.1/quartus/bin64 --verilog --config=C:/Users/Laurens/AppData/Local/Temp/alt8029_765552185588839651.dir/0026_nios2_qsys_0_gen//gameVisuals_nios2_qsys_0_processor_configuration.pl  --do_build_sim=0  ]
Info: nios2_qsys_0: # 2019.05.13 10:16:53 (*) Starting Nios II generation
Info: nios2_qsys_0: # 2019.05.13 10:16:53 (*)   Checking for plaintext license.
Info: nios2_qsys_0: # 2019.05.13 10:16:53 (*)   Couldn't query license setup in Quartus directory C:/intelfpga_lite/16.1/quartus/bin64
Info: nios2_qsys_0: # 2019.05.13 10:16:53 (*)   Defaulting to contents of LM_LICENSE_FILE environment variable
Info: nios2_qsys_0: # 2019.05.13 10:16:53 (*)   LM_LICENSE_FILE environment variable is empty
Info: nios2_qsys_0: # 2019.05.13 10:16:53 (*)   Plaintext license not found.
Info: nios2_qsys_0: # 2019.05.13 10:16:53 (*)   No license required to generate encrypted Nios II/e.
Info: nios2_qsys_0: # 2019.05.13 10:16:53 (*)   Elaborating CPU configuration settings
Info: nios2_qsys_0: # 2019.05.13 10:16:53 (*)   Creating all objects for CPU
Info: nios2_qsys_0: # 2019.05.13 10:16:54 (*)   Generating RTL from CPU objects
Info: nios2_qsys_0: # 2019.05.13 10:16:54 (*)   Creating plain-text RTL
Info: nios2_qsys_0: # 2019.05.13 10:16:55 (*) Done Nios II generation
Info: nios2_qsys_0: Done RTL generation for module 'gameVisuals_nios2_qsys_0'
Info: nios2_qsys_0: "gameVisuals" instantiated altera_nios2_qsys "nios2_qsys_0"
Info: onchip_memory2_0: Starting RTL generation for module 'gameVisuals_onchip_memory2_0'
Info: onchip_memory2_0:   Generation command is [exec C:/intelfpga_lite/16.1/quartus/bin64/perl/bin/perl.exe -I C:/intelfpga_lite/16.1/quartus/bin64/perl/lib -I C:/intelfpga_lite/16.1/quartus/sopc_builder/bin/europa -I C:/intelfpga_lite/16.1/quartus/sopc_builder/bin/perl_lib -I C:/intelfpga_lite/16.1/quartus/sopc_builder/bin -I C:/intelfpga_lite/16.1/quartus/../ip/altera/sopc_builder_ip/common -I C:/intelfpga_lite/16.1/quartus/../ip/altera/sopc_builder_ip/altera_avalon_onchip_memory2 -- C:/intelfpga_lite/16.1/quartus/../ip/altera/sopc_builder_ip/altera_avalon_onchip_memory2/generate_rtl.pl --name=gameVisuals_onchip_memory2_0 --dir=C:/Users/Laurens/AppData/Local/Temp/alt8029_765552185588839651.dir/0027_onchip_memory2_0_gen/ --quartus_dir=C:/intelfpga_lite/16.1/quartus --verilog --config=C:/Users/Laurens/AppData/Local/Temp/alt8029_765552185588839651.dir/0027_onchip_memory2_0_gen//gameVisuals_onchip_memory2_0_component_configuration.pl  --do_build_sim=0  ]
Info: onchip_memory2_0: Done RTL generation for module 'gameVisuals_onchip_memory2_0'
Info: onchip_memory2_0: "gameVisuals" instantiated altera_avalon_onchip_memory2 "onchip_memory2_0"
Info: avalon_st_adapter: Inserting error_adapter: error_adapter_0
Info: avalon_st_adapter_001: Inserting error_adapter: error_adapter_0
Info: avalon_st_adapter_002: Inserting error_adapter: error_adapter_0
Info: avalon_st_adapter_003: Inserting error_adapter: error_adapter_0
Info: mm_interconnect_0: "gameVisuals" instantiated altera_mm_interconnect "mm_interconnect_0"
Info: irq_mapper: "gameVisuals" instantiated altera_irq_mapper "irq_mapper"
Info: rst_controller: "gameVisuals" instantiated altera_reset_controller "rst_controller"
Info: nios2_qsys_0_data_master_translator: "mm_interconnect_0" instantiated altera_merlin_master_translator "nios2_qsys_0_data_master_translator"
Info: gameMemory_avalon_interface_0_avalon_slave_0_translator: "mm_interconnect_0" instantiated altera_merlin_slave_translator "gameMemory_avalon_interface_0_avalon_slave_0_translator"
Info: nios2_qsys_0_data_master_agent: "mm_interconnect_0" instantiated altera_merlin_master_agent "nios2_qsys_0_data_master_agent"
Info: gameMemory_avalon_interface_0_avalon_slave_0_agent: "mm_interconnect_0" instantiated altera_merlin_slave_agent "gameMemory_avalon_interface_0_avalon_slave_0_agent"
Info: gameMemory_avalon_interface_0_avalon_slave_0_agent_rsp_fifo: "mm_interconnect_0" instantiated altera_avalon_sc_fifo "gameMemory_avalon_interface_0_avalon_slave_0_agent_rsp_fifo"
Info: router: "mm_interconnect_0" instantiated altera_merlin_router "router"
Info: router_001: "mm_interconnect_0" instantiated altera_merlin_router "router_001"
Info: router_002: "mm_interconnect_0" instantiated altera_merlin_router "router_002"
Info: router_004: "mm_interconnect_0" instantiated altera_merlin_router "router_004"
Info: cmd_demux: "mm_interconnect_0" instantiated altera_merlin_demultiplexer "cmd_demux"
Info: cmd_demux_001: "mm_interconnect_0" instantiated altera_merlin_demultiplexer "cmd_demux_001"
Info: cmd_mux: "mm_interconnect_0" instantiated altera_merlin_multiplexer "cmd_mux"
Info: cmd_mux_002: "mm_interconnect_0" instantiated altera_merlin_multiplexer "cmd_mux_002"
Info: Reusing file D:/Unief/IIW_Ma/HW_SW/Project/Battleship/gameVisuals/synthesis/submodules/altera_merlin_arbitrator.sv
Info: rsp_demux: "mm_interconnect_0" instantiated altera_merlin_demultiplexer "rsp_demux"
Info: rsp_mux: "mm_interconnect_0" instantiated altera_merlin_multiplexer "rsp_mux"
Info: Reusing file D:/Unief/IIW_Ma/HW_SW/Project/Battleship/gameVisuals/synthesis/submodules/altera_merlin_arbitrator.sv
Info: rsp_mux_001: "mm_interconnect_0" instantiated altera_merlin_multiplexer "rsp_mux_001"
Info: Reusing file D:/Unief/IIW_Ma/HW_SW/Project/Battleship/gameVisuals/synthesis/submodules/altera_merlin_arbitrator.sv
Info: avalon_st_adapter: "mm_interconnect_0" instantiated altera_avalon_st_adapter "avalon_st_adapter"
Info: error_adapter_0: "avalon_st_adapter" instantiated error_adapter "error_adapter_0"
Info: gameVisuals: Done "gameVisuals" with 26 modules, 43 files
Info: qsys-generate succeeded.
Info: Finished: Create HDL design files for synthesis
